#
# A fatal error has been detected by the Java Runtime Environment:
#
#  SIGSEGV (0xb) at pc=0x00007fff6104fe97, pid=13674, tid=775
#
# JRE version: Java(TM) SE Runtime Environment (9.0+11) (build 9.0.4+11)
# Java VM: Java HotSpot(TM) 64-Bit Server VM (9.0.4+11, mixed mode, tiered, compressed oops, g1 gc, bsd-amd64)
# Problematic frame:
# C  [libobjc.A.dylib+0x6e97]  objc_msgSend+0x17
#
# No core dump will be written. Core dumps have been disabled. To enable core dumping, try "ulimit -c unlimited" before starting Java again
#
# If you would like to submit a bug report, please visit:
#   http://bugreport.java.com/bugreport/crash.jsp
# The crash happened outside the Java Virtual Machine in native code.
# See problematic frame for where to report the bug.
#

---------------  S U M M A R Y ------------

Command Line: -javaagent:/Applications/IntelliJ IDEA.app/Contents/lib/idea_rt.jar=64248:/Applications/IntelliJ IDEA.app/Contents/bin -Dfile.encoding=UTF-8 ClientMain

Host: MacBookPro14,3 x86_64 2900 MHz, 8 cores, 16G, Darwin 17.2.0
Time: Sat May 19 18:29:04 2018 CEST elapsed time: 4 seconds (0d 0h 0m 4s)

---------------  T H R E A D  ---------------

Current thread (0x00007ffe6c1c3000):  JavaThread "AppKit Thread" daemon [_thread_in_native, id=775, stack(0x00007ffee304d000,0x00007ffee384d000)]

Stack: [0x00007ffee304d000,0x00007ffee384d000],  sp=0x00007ffee38492d8,  free space=8176k
Native frames: (J=compiled Java code, A=aot compiled Java code, j=interpreted, Vv=VM code, C=native code)
C  [libobjc.A.dylib+0x6e97]  objc_msgSend+0x17
C  [AppKit+0x5b85ff]  -[_NSFullScreenDetachedToolbarMenuBarCompanionController tile]+0x1f1
C  [AppKit+0xbba18c]  -[NSWindow(NSFullScreen) _fullScreenStatusChanged]+0xa5
C  [AppKit+0x2475a2]  __25-[NSWindow setStyleMask:]_block_invoke+0x7b9
C  [AppKit+0x166f78]  NSPerformVisuallyAtomicChange+0x92
C  [AppKit+0x246da0]  -[NSWindow setStyleMask:]+0xbf
C  [AppKit+0x519b04]  __82-[_NSWindowEnterFullScreenTransitionController setupWindowForAfterFullScreenEnter]_block_invoke+0x7b
C  [AppKit+0x166f78]  NSPerformVisuallyAtomicChange+0x92
C  [AppKit+0x519a80]  -[_NSWindowEnterFullScreenTransitionController setupWindowForAfterFullScreenEnter]+0xa8
C  [AppKit+0x9ea17d]  -[_NSEnterFullScreenTransitionController start]+0x189
C  [AppKit+0x51b0a8]  -[_NSWindowEnterFullScreenTransitionController start]+0x171
C  [AppKit+0x7d8a7a]  -[NSApplication(NSResponder) sendAction:to:from:]+0x138
C  [AppKit+0x27f777]  -[NSControl sendAction:to:]+0x56
C  [AppKit+0x27f69f]  __26-[NSCell _sendActionFrom:]_block_invoke+0x88
C  [AppKit+0x27f5a5]  -[NSCell _sendActionFrom:]+0xb7
C  [AppKit+0x2c0858]  -[NSButtonCell _sendActionFrom:]+0x61
C  [AppKit+0x890f56]  -[_NSThemeZoomWidgetCell _sendActionFrom:]+0x47
C  [AppKit+0x27de06]  -[NSCell trackMouse:inRect:ofView:untilMouseUp:]+0x986
C  [AppKit+0x2c059f]  -[NSButtonCell trackMouse:inRect:ofView:untilMouseUp:]+0x309
C  [AppKit+0x890be7]  -[_NSThemeZoomWidgetCell trackMouse:inRect:ofView:untilMouseUp:]+0x118
C  [AppKit+0x27c8a4]  -[NSControl mouseDown:]+0x3c5
C  [AppKit+0x316ced]  -[_NSThemeWidget mouseDown:]+0x56
C  [AppKit+0x977a01]  -[NSWindow(NSEventRouting) _handleMouseDownEvent:isDelayedEvent:]+0x1703
C  [AppKit+0x974658]  -[NSWindow(NSEventRouting) _reallySendEvent:isDelayedEvent:]+0x937
C  [AppKit+0x973904]  -[NSWindow(NSEventRouting) sendEvent:]+0x1f1
C  [libawt_lwawt.dylib+0x9722]  -[AWTWindow_Normal sendEvent:]+0x56
C  [AppKit+0x7d4937]  -[NSApplication(NSEvent) sendEvent:]+0x133
C  [libosxapp.dylib+0x20a5]  -[NSApplicationAWT sendEvent:]+0x152
C  [AppKit+0x36861]  -[NSApplication run]+0x32c
C  [libosxapp.dylib+0x1d3a]  +[NSApplicationAWT runAWTLoopWithApp:]+0x9d
C  [libawt_lwawt.dylib+0x3a544]  +[AWTStarter starter:headless:]+0x342
C  [JavaNativeFoundation+0x6f4a]  +[JNFRunLoop _performCopiedBlock:]+0x11
C  [Foundation+0x68985]  __NSThreadPerformPerform+0x14e
C  [CoreFoundation+0xa3821]  __CFRUNLOOP_IS_CALLING_OUT_TO_A_SOURCE0_PERFORM_FUNCTION__+0x11
C  [CoreFoundation+0x15d4cc]  __CFRunLoopDoSource0+0x6c
C  [CoreFoundation+0x862c0]  __CFRunLoopDoSources0+0xd0
C  [CoreFoundation+0x8573d]  __CFRunLoopRun+0x50d
C  [CoreFoundation+0x84fa3]  CFRunLoopRunSpecific+0x1e3
C  [java+0x6b2e]  CreateExecutionEnvironment+0x35c
C  [java+0x2c65]  JLI_Launch+0x5a9
C  [java+0x1b62]  main+0x186
C  [java+0x19d4]  start+0x34
C  0x0000000000000006


siginfo: si_signo: 11 (SIGSEGV), si_code: 1 (SEGV_MAPERR), si_addr: 0x0000000000600000

Register to memory mapping:

RAX=0x0000000000000038 is an unknown value
RBX=0x00007fff3891d782: .str.41.llvm.FE30BCA4+0x5a631 in /System/Library/Frameworks/AppKit.framework/Versions/C/AppKit at 0x00007fff37c2f000
RCX=0x0000000000000014 is an unknown value
RDX=0x00007ffee3849010 is pointing into the stack for thread: 0x00007ffe6c1c3000
RSP=0x00007ffee38492d8 is pointing into the stack for thread: 0x00007ffe6c1c3000
RBP=0x00007ffee3849470 is pointing into the stack for thread: 0x00007ffe6c1c3000
RSI=0x00007fff38901e6d: .str.41.llvm.FE30BCA4+0x3ed1c in /System/Library/Frameworks/AppKit.framework/Versions/C/AppKit at 0x00007fff37c2f000
RDI=0x0000000000600000 is an unknown value
R8 =0x00000000000000ff is an unknown value
R9 =0x00007ffe69f069b0 is an unknown value
R10=0x00007ffffffffff8 is an unknown value
R11=0x00007ffe6cc55620 is an unknown value
R12=0x00007ffe6b3b19c0 is an unknown value
R13=0x00007fff388ff94e: .str.41.llvm.FE30BCA4+0x3c7fd in /System/Library/Frameworks/AppKit.framework/Versions/C/AppKit at 0x00007fff37c2f000
R14=0x00007ffe71144c90 is an unknown value
R15=0x00007fff6104fe80: objc_msgSend+0 in /usr/lib/libobjc.A.dylib at 0x00007fff61049000


Registers:
RAX=0x0000000000000038, RBX=0x00007fff3891d782, RCX=0x0000000000000014, RDX=0x00007ffee3849010
RSP=0x00007ffee38492d8, RBP=0x00007ffee3849470, RSI=0x00007fff38901e6d, RDI=0x0000000000600000
R8 =0x00000000000000ff, R9 =0x00007ffe69f069b0, R10=0x00007ffffffffff8, R11=0x00007ffe6cc55620
R12=0x00007ffe6b3b19c0, R13=0x00007fff388ff94e, R14=0x00007ffe71144c90, R15=0x00007fff6104fe80
RIP=0x00007fff6104fe97, EFLAGS=0x0000000000010246, ERR=0x0000000000000004
  TRAPNO=0x000000000000000e

Top of Stack: (sp=0x00007ffee38492d8)
0x00007ffee38492d8:   00007fff381e5d76 0000000000000000
0x00007ffee38492e8:   c036000000000000 409a400000000000
0x00007ffee38492f8:   0000000000000000 0000000000000000
0x00007ffee3849308:   0000000000000000 409a400000000000
0x00007ffee3849318:   4030000000000000 0000000000000000
0x00007ffee3849328:   0000000000000000 409a400000000000
0x00007ffee3849338:   c036000000000000 0000000000000000
0x00007ffee3849348:   c036000000000000 409a400000000000
0x00007ffee3849358:   0000000000000000 0000000000000000
0x00007ffee3849368:   c037000000000000 409a400000000000
0x00007ffee3849378:   3ff0000000000000 0000000000000000
0x00007ffee3849388:   c036000000000000 409a400000000000
0x00007ffee3849398:   0000000000000000 0000000000000000
0x00007ffee38493a8:   c036000000000000 409a400000000000
0x00007ffee38493b8:   0000000000000000 0000000000000000
0x00007ffee38493c8:   c036000000000000 409a400000000000
0x00007ffee38493d8:   4043000000000000 0000000000000000
0x00007ffee38493e8:   c036000000000000 409a400000000000
0x00007ffee38493f8:   4030000000000000 0000000000000000
0x00007ffee3849408:   0000000000000000 409a400000000000
0x00007ffee3849418:   4043000000000000 4043000000000000
0x00007ffee3849428:   0000000000000000 0000000000000000
0x00007ffee3849438:   0000000000000000 0000000000000000
0x00007ffee3849448:   0000000000000038 00007ffe713caaa0
0x00007ffee3849458:   00007ffe6b3b19c0 00007ffe6b3b4180
0x00007ffee3849468:   00007fff6104fe80 00007ffee38494c0
0x00007ffee3849478:   00007fff381e75ff 0000000000000000
0x00007ffee3849488:   00007ffe712b5540 00007ffe6b3b4180
0x00007ffee3849498:   00007ffe6b3b4180 00007fff6104fe80
0x00007ffee38494a8:   0000000000000088 00007fff388fdf00
0x00007ffee38494b8:   00007fff389052fd 00007ffee38494f0
0x00007ffee38494c8:   00007fff387e918c 00007fff6104fe80 

Instructions: (pc=0x00007fff6104fe97)
0x00007fff6104fe77:   84 00 00 00 00 00 0f 1f 00 48 85 ff 2e 74 62 40
0x00007fff6104fe87:   f6 c7 01 2e 75 66 49 ba f8 ff ff ff ff 7f 00 00
0x00007fff6104fe97:   4c 23 17 49 89 f3 45 23 5a 18 49 c1 e3 04 4d 03
0x00007fff6104fea7:   5a 10 49 3b 33 75 04 41 ff 63 08 49 83 3b 01 76 


---------------  P R O C E S S  ---------------

Java Threads: ( => current thread )
  0x00007ffe6d014800 JavaThread "Image Fetcher 0" daemon [_thread_blocked, id=93187, stack(0x000070000ada2000,0x000070000aea2000)]
  0x00007ffe720fd000 JavaThread "DestroyJavaVM" [_thread_blocked, id=6915, stack(0x0000700008218000,0x0000700008318000)]
  0x00007ffe6c5fc800 JavaThread "TimerQueue" daemon [_thread_blocked, id=92683, stack(0x000070000ac9f000,0x000070000ad9f000)]
  0x00007ffe6d502800 JavaThread "Image Animator 3" daemon [_thread_blocked, id=88851, stack(0x000070000ab9c000,0x000070000ac9c000)]
  0x00007ffe6ae04800 JavaThread "AWT-EventQueue-0" [_thread_blocked, id=1547, stack(0x000070000aa99000,0x000070000ab99000)]
  0x00007ffe6c9d4800 JavaThread "AWT-Shutdown" [_thread_blocked, id=42327, stack(0x000070000a501000,0x000070000a601000)]
  0x00007ffe6a0cb800 JavaThread "Java2D Disposer" daemon [_thread_blocked, id=73735, stack(0x000070000a996000,0x000070000aa96000)]
  0x00007ffe6aa04000 JavaThread "Java2D Queue Flusher" daemon [_thread_blocked, id=65291, stack(0x000070000a810000,0x000070000a910000)]
=>0x00007ffe6c1c3000 JavaThread "AppKit Thread" daemon [_thread_in_native, id=775, stack(0x00007ffee304d000,0x00007ffee384d000)]
  0x00007ffe6b802800 JavaThread "Service Thread" daemon [_thread_blocked, id=29955, stack(0x000070000a278000,0x000070000a378000)]
  0x00007ffe6b801800 JavaThread "Monitor Ctrl-Break" daemon [_thread_in_native, id=29443, stack(0x000070000a175000,0x000070000a275000)]
  0x00007ffe6a862800 JavaThread "Common-Cleaner" daemon [_thread_blocked, id=28931, stack(0x000070000a072000,0x000070000a172000)]
  0x00007ffe6e009800 JavaThread "Sweeper thread" daemon [_thread_blocked, id=28419, stack(0x0000700009f6f000,0x000070000a06f000)]
  0x00007ffe6d034800 JavaThread "C1 CompilerThread3" daemon [_thread_blocked, id=27907, stack(0x0000700009e6c000,0x0000700009f6c000)]
  0x00007ffe6e000800 JavaThread "C2 CompilerThread2" daemon [_thread_blocked, id=27395, stack(0x0000700009d69000,0x0000700009e69000)]
  0x00007ffe6d034000 JavaThread "C2 CompilerThread1" daemon [_thread_blocked, id=26883, stack(0x0000700009c66000,0x0000700009d66000)]
  0x00007ffe6d033000 JavaThread "C2 CompilerThread0" daemon [_thread_blocked, id=26371, stack(0x0000700009b63000,0x0000700009c63000)]
  0x00007ffe6d032000 JavaThread "Signal Dispatcher" daemon [_thread_blocked, id=25867, stack(0x0000700009a60000,0x0000700009b60000)]
  0x00007ffe6c00a800 JavaThread "Finalizer" daemon [_thread_blocked, id=22531, stack(0x000070000995d000,0x0000700009a5d000)]
  0x00007ffe6c003800 JavaThread "Reference Handler" daemon [_thread_blocked, id=22019, stack(0x000070000985a000,0x000070000995a000)]

Other Threads:
  0x00007ffe6c0ac800 VMThread "VM Thread" [stack: 0x0000700009757000,0x0000700009857000] [id=21507]
  0x00007ffe6d050800 WatcherThread [stack: 0x000070000a37b000,0x000070000a47b000] [id=30467]
  0x00007ffe6a80b800 GCTaskThread "GC Thread#0" [stack: 0x000070000831b000,0x000070000841b000] [id=10755]
  0x00007ffe6a80c000 GCTaskThread "GC Thread#1" [stack: 0x000070000841e000,0x000070000851e000] [id=11267]
  0x00007ffe6a000000 GCTaskThread "GC Thread#2" [stack: 0x0000700008521000,0x0000700008621000] [id=11779]
  0x00007ffe6c800800 GCTaskThread "GC Thread#3" [stack: 0x0000700008624000,0x0000700008724000] [id=12291]
  0x00007ffe6c801000 GCTaskThread "GC Thread#4" [stack: 0x0000700008727000,0x0000700008827000] [id=12803]
  0x00007ffe6b800800 GCTaskThread "GC Thread#5" [stack: 0x000070000882a000,0x000070000892a000] [id=13315]
  0x00007ffe6b801000 GCTaskThread "GC Thread#6" [stack: 0x000070000892d000,0x0000700008a2d000] [id=13827]
  0x00007ffe6d01d000 GCTaskThread "GC Thread#7" [stack: 0x0000700008a30000,0x0000700008b30000] [id=14339]
  0x00007ffe6c024800 ConcurrentGCThread "G1 Main Marker" [stack: 0x000070000944e000,0x000070000954e000] [id=19459]
  0x00007ffe6c025800 ConcurrentGCThread "G1 Marker#0" [stack: 0x0000700009551000,0x0000700009651000] [id=20483]
  0x00007ffe6c026000 ConcurrentGCThread "G1 Marker#1" [stack: 0x0000700009654000,0x0000700009754000] [id=20995]
  0x00007ffe6d00a800 ConcurrentGCThread "G1 Refine#0" [stack: 0x0000700009248000,0x0000700009348000] [id=18435]
  0x00007ffe6d009800 ConcurrentGCThread "G1 Refine#1" [stack: 0x0000700009145000,0x0000700009245000] [id=17923]
  0x00007ffe6d009000 ConcurrentGCThread "G1 Refine#2" [stack: 0x0000700009042000,0x0000700009142000] [id=17411]
  0x00007ffe6d008000 ConcurrentGCThread "G1 Refine#3" [stack: 0x0000700008f3f000,0x000070000903f000] [id=16899]
  0x00007ffe6d007800 ConcurrentGCThread "G1 Refine#4" [stack: 0x0000700008e3c000,0x0000700008f3c000] [id=16387]
  0x00007ffe6d006800 ConcurrentGCThread "G1 Refine#5" [stack: 0x0000700008d39000,0x0000700008e39000] [id=15875]
  0x00007ffe6d006000 ConcurrentGCThread "G1 Refine#6" [stack: 0x0000700008c36000,0x0000700008d36000] [id=15363]
  0x00007ffe6d005000 ConcurrentGCThread "G1 Refine#7" [stack: 0x0000700008b33000,0x0000700008c33000] [id=14851]
  0x00007ffe6d00b000 ConcurrentGCThread "G1 Young RemSet Sampling" [stack: 0x000070000934b000,0x000070000944b000] [id=18947]

Threads with active compile tasks:

VM state:not at safepoint (normal execution)

VM Mutex/Monitor currently owned by a thread: None

Heap address: 0x00000006c0000000, size: 4096 MB, Compressed Oops mode: Zero based, Oop shift amount: 3
Narrow klass base: 0x0000000000000000, Narrow klass shift: 3
Compressed class space size: 1073741824 Address: 0x00000007c0000000

Heap:
 garbage-first heap   total 262144K, used 58060K [0x00000006c0000000, 0x00000006c0100800, 0x00000007c0000000)
  region size 1024K, 41 young (41984K), 3 survivors (3072K)
 Metaspace       used 17864K, capacity 18780K, committed 19200K, reserved 1067008K
  class space    used 1978K, capacity 2178K, committed 2304K, reserved 1048576K
Heap Regions: E=young(eden), S=young(survivor), O=old, HS=humongous(starts), HC=humongous(continues), CS=collection set, F=free, A=archive, TS=gc time stamp, AC=allocation context, TAMS=top-at-mark-start (previous, next)
|   0|0x00000006c0000000, 0x00000006c0100000, 0x00000006c0100000|100%|HS|  |TS  0|AC  0|TAMS 0x00000006c0000000, 0x00000006c0000000|
|   1|0x00000006c0100000, 0x00000006c0200000, 0x00000006c0200000|100%|HS|  |TS  0|AC  0|TAMS 0x00000006c0100000, 0x00000006c0100000|
|   2|0x00000006c0200000, 0x00000006c02b3200, 0x00000006c0300000| 69%| O|  |TS  1|AC  0|TAMS 0x00000006c0200000, 0x00000006c0200000|
|   3|0x00000006c0300000, 0x00000006c0400000, 0x00000006c0400000|100%|HS|  |TS  0|AC  0|TAMS 0x00000006c0300000, 0x00000006c0300000|
|   4|0x00000006c0400000, 0x00000006c0500000, 0x00000006c0500000|100%|HS|  |TS  0|AC  0|TAMS 0x00000006c0400000, 0x00000006c0400000|
|   5|0x00000006c0500000, 0x00000006c0600000, 0x00000006c0600000|100%|HS|  |TS  0|AC  0|TAMS 0x00000006c0500000, 0x00000006c0500000|
|   6|0x00000006c0600000, 0x00000006c0700000, 0x00000006c0700000|100%|HS|  |TS  0|AC  0|TAMS 0x00000006c0600000, 0x00000006c0600000|
|   7|0x00000006c0700000, 0x00000006c0800000, 0x00000006c0800000|100%|HC|  |TS  0|AC  0|TAMS 0x00000006c0700000, 0x00000006c0700000|
|   8|0x00000006c0800000, 0x00000006c0900000, 0x00000006c0900000|100%|HS|  |TS  0|AC  0|TAMS 0x00000006c0800000, 0x00000006c0800000|
|   9|0x00000006c0900000, 0x00000006c0a00000, 0x00000006c0a00000|100%|HC|  |TS  0|AC  0|TAMS 0x00000006c0900000, 0x00000006c0900000|
|  10|0x00000006c0a00000, 0x00000006c0b00000, 0x00000006c0b00000|100%|HC|  |TS  0|AC  0|TAMS 0x00000006c0a00000, 0x00000006c0a00000|
|  11|0x00000006c0b00000, 0x00000006c0c00000, 0x00000006c0c00000|100%|HS|  |TS  0|AC  0|TAMS 0x00000006c0b00000, 0x00000006c0b00000|
|  12|0x00000006c0c00000, 0x00000006c0d00000, 0x00000006c0d00000|100%|HC|  |TS  0|AC  0|TAMS 0x00000006c0c00000, 0x00000006c0c00000|
|  13|0x00000006c0d00000, 0x00000006c0e00000, 0x00000006c0e00000|100%|HC|  |TS  0|AC  0|TAMS 0x00000006c0d00000, 0x00000006c0d00000|
|  14|0x00000006c0e00000, 0x00000006c0f00000, 0x00000006c0f00000|100%|HC|  |TS  0|AC  0|TAMS 0x00000006c0e00000, 0x00000006c0e00000|
|  15|0x00000006c0f00000, 0x00000006c1000000, 0x00000006c1000000|100%|HC|  |TS  0|AC  0|TAMS 0x00000006c0f00000, 0x00000006c0f00000|
|  16|0x00000006c1000000, 0x00000006c1100000, 0x00000006c1100000|100%|HS|  |TS  0|AC  0|TAMS 0x00000006c1000000, 0x00000006c1000000|
|  17|0x00000006c1100000, 0x00000006c1100000, 0x00000006c1200000|  0%| F|  |TS  0|AC  0|TAMS 0x00000006c1100000, 0x00000006c1100000|
|  18|0x00000006c1200000, 0x00000006c1200000, 0x00000006c1300000|  0%| F|  |TS  0|AC  0|TAMS 0x00000006c1200000, 0x00000006c1200000|
|  19|0x00000006c1300000, 0x00000006c1300000, 0x00000006c1400000|  0%| F|  |TS  0|AC  0|TAMS 0x00000006c1300000, 0x00000006c1300000|
|  20|0x00000006c1400000, 0x00000006c1400000, 0x00000006c1500000|  0%| F|  |TS  0|AC  0|TAMS 0x00000006c1400000, 0x00000006c1400000|
|  21|0x00000006c1500000, 0x00000006c1500000, 0x00000006c1600000|  0%| F|  |TS  0|AC  0|TAMS 0x00000006c1500000, 0x00000006c1500000|
|  22|0x00000006c1600000, 0x00000006c1600000, 0x00000006c1700000|  0%| F|  |TS  0|AC  0|TAMS 0x00000006c1600000, 0x00000006c1600000|
|  23|0x00000006c1700000, 0x00000006c1700000, 0x00000006c1800000|  0%| F|  |TS  0|AC  0|TAMS 0x00000006c1700000, 0x00000006c1700000|
|  24|0x00000006c1800000, 0x00000006c1800000, 0x00000006c1900000|  0%| F|  |TS  0|AC  0|TAMS 0x00000006c1800000, 0x00000006c1800000|
|  25|0x00000006c1900000, 0x00000006c1900000, 0x00000006c1a00000|  0%| F|  |TS  0|AC  0|TAMS 0x00000006c1900000, 0x00000006c1900000|
|  26|0x00000006c1a00000, 0x00000006c1a00000, 0x00000006c1b00000|  0%| F|  |TS  0|AC  0|TAMS 0x00000006c1a00000, 0x00000006c1a00000|
|  27|0x00000006c1b00000, 0x00000006c1b00000, 0x00000006c1c00000|  0%| F|  |TS  0|AC  0|TAMS 0x00000006c1b00000, 0x00000006c1b00000|
|  28|0x00000006c1c00000, 0x00000006c1c00000, 0x00000006c1d00000|  0%| F|  |TS  0|AC  0|TAMS 0x00000006c1c00000, 0x00000006c1c00000|
|  29|0x00000006c1d00000, 0x00000006c1d00000, 0x00000006c1e00000|  0%| F|  |TS  0|AC  0|TAMS 0x00000006c1d00000, 0x00000006c1d00000|
|  30|0x00000006c1e00000, 0x00000006c1e00000, 0x00000006c1f00000|  0%| F|  |TS  0|AC  0|TAMS 0x00000006c1e00000, 0x00000006c1e00000|
|  31|0x00000006c1f00000, 0x00000006c1f00000, 0x00000006c2000000|  0%| F|  |TS  0|AC  0|TAMS 0x00000006c1f00000, 0x00000006c1f00000|
|  32|0x00000006c2000000, 0x00000006c2000000, 0x00000006c2100000|  0%| F|  |TS  0|AC  0|TAMS 0x00000006c2000000, 0x00000006c2000000|
|  33|0x00000006c2100000, 0x00000006c2100000, 0x00000006c2200000|  0%| F|  |TS  0|AC  0|TAMS 0x00000006c2100000, 0x00000006c2100000|
|  34|0x00000006c2200000, 0x00000006c2200000, 0x00000006c2300000|  0%| F|  |TS  0|AC  0|TAMS 0x00000006c2200000, 0x00000006c2200000|
|  35|0x00000006c2300000, 0x00000006c2300000, 0x00000006c2400000|  0%| F|  |TS  0|AC  0|TAMS 0x00000006c2300000, 0x00000006c2300000|
|  36|0x00000006c2400000, 0x00000006c2400000, 0x00000006c2500000|  0%| F|  |TS  0|AC  0|TAMS 0x00000006c2400000, 0x00000006c2400000|
|  37|0x00000006c2500000, 0x00000006c2500000, 0x00000006c2600000|  0%| F|  |TS  0|AC  0|TAMS 0x00000006c2500000, 0x00000006c2500000|
|  38|0x00000006c2600000, 0x00000006c2600000, 0x00000006c2700000|  0%| F|  |TS  0|AC  0|TAMS 0x00000006c2600000, 0x00000006c2600000|
|  39|0x00000006c2700000, 0x00000006c2700000, 0x00000006c2800000|  0%| F|  |TS  0|AC  0|TAMS 0x00000006c2700000, 0x00000006c2700000|
|  40|0x00000006c2800000, 0x00000006c2800000, 0x00000006c2900000|  0%| F|  |TS  0|AC  0|TAMS 0x00000006c2800000, 0x00000006c2800000|
|  41|0x00000006c2900000, 0x00000006c2900000, 0x00000006c2a00000|  0%| F|  |TS  0|AC  0|TAMS 0x00000006c2900000, 0x00000006c2900000|
|  42|0x00000006c2a00000, 0x00000006c2a00000, 0x00000006c2b00000|  0%| F|  |TS  0|AC  0|TAMS 0x00000006c2a00000, 0x00000006c2a00000|
|  43|0x00000006c2b00000, 0x00000006c2b00000, 0x00000006c2c00000|  0%| F|  |TS  0|AC  0|TAMS 0x00000006c2b00000, 0x00000006c2b00000|
|  44|0x00000006c2c00000, 0x00000006c2c00000, 0x00000006c2d00000|  0%| F|  |TS  0|AC  0|TAMS 0x00000006c2c00000, 0x00000006c2c00000|
|  45|0x00000006c2d00000, 0x00000006c2d00000, 0x00000006c2e00000|  0%| F|  |TS  0|AC  0|TAMS 0x00000006c2d00000, 0x00000006c2d00000|
|  46|0x00000006c2e00000, 0x00000006c2e00000, 0x00000006c2f00000|  0%| F|  |TS  0|AC  0|TAMS 0x00000006c2e00000, 0x00000006c2e00000|
|  47|0x00000006c2f00000, 0x00000006c2f00000, 0x00000006c3000000|  0%| F|  |TS  0|AC  0|TAMS 0x00000006c2f00000, 0x00000006c2f00000|
|  48|0x00000006c3000000, 0x00000006c3000000, 0x00000006c3100000|  0%| F|  |TS  0|AC  0|TAMS 0x00000006c3000000, 0x00000006c3000000|
|  49|0x00000006c3100000, 0x00000006c3100000, 0x00000006c3200000|  0%| F|  |TS  0|AC  0|TAMS 0x00000006c3100000, 0x00000006c3100000|
|  50|0x00000006c3200000, 0x00000006c3200000, 0x00000006c3300000|  0%| F|  |TS  0|AC  0|TAMS 0x00000006c3200000, 0x00000006c3200000|
|  51|0x00000006c3300000, 0x00000006c3300000, 0x00000006c3400000|  0%| F|  |TS  0|AC  0|TAMS 0x00000006c3300000, 0x00000006c3300000|
|  52|0x00000006c3400000, 0x00000006c3400000, 0x00000006c3500000|  0%| F|  |TS  0|AC  0|TAMS 0x00000006c3400000, 0x00000006c3400000|
|  53|0x00000006c3500000, 0x00000006c3500000, 0x00000006c3600000|  0%| F|  |TS  0|AC  0|TAMS 0x00000006c3500000, 0x00000006c3500000|
|  54|0x00000006c3600000, 0x00000006c3600000, 0x00000006c3700000|  0%| F|  |TS  0|AC  0|TAMS 0x00000006c3600000, 0x00000006c3600000|
|  55|0x00000006c3700000, 0x00000006c3700000, 0x00000006c3800000|  0%| F|  |TS  0|AC  0|TAMS 0x00000006c3700000, 0x00000006c3700000|
|  56|0x00000006c3800000, 0x00000006c3800000, 0x00000006c3900000|  0%| F|  |TS  0|AC  0|TAMS 0x00000006c3800000, 0x00000006c3800000|
|  57|0x00000006c3900000, 0x00000006c3900000, 0x00000006c3a00000|  0%| F|  |TS  0|AC  0|TAMS 0x00000006c3900000, 0x00000006c3900000|
|  58|0x00000006c3a00000, 0x00000006c3a00000, 0x00000006c3b00000|  0%| F|  |TS  0|AC  0|TAMS 0x00000006c3a00000, 0x00000006c3a00000|
|  59|0x00000006c3b00000, 0x00000006c3b00000, 0x00000006c3c00000|  0%| F|  |TS  0|AC  0|TAMS 0x00000006c3b00000, 0x00000006c3b00000|
|  60|0x00000006c3c00000, 0x00000006c3c00000, 0x00000006c3d00000|  0%| F|  |TS  0|AC  0|TAMS 0x00000006c3c00000, 0x00000006c3c00000|
|  61|0x00000006c3d00000, 0x00000006c3d00000, 0x00000006c3e00000|  0%| F|  |TS  0|AC  0|TAMS 0x00000006c3d00000, 0x00000006c3d00000|
|  62|0x00000006c3e00000, 0x00000006c3e00000, 0x00000006c3f00000|  0%| F|  |TS  0|AC  0|TAMS 0x00000006c3e00000, 0x00000006c3e00000|
|  63|0x00000006c3f00000, 0x00000006c3f00000, 0x00000006c4000000|  0%| F|  |TS  0|AC  0|TAMS 0x00000006c3f00000, 0x00000006c3f00000|
|  64|0x00000006c4000000, 0x00000006c4000000, 0x00000006c4100000|  0%| F|  |TS  0|AC  0|TAMS 0x00000006c4000000, 0x00000006c4000000|
|  65|0x00000006c4100000, 0x00000006c4100000, 0x00000006c4200000|  0%| F|  |TS  0|AC  0|TAMS 0x00000006c4100000, 0x00000006c4100000|
|  66|0x00000006c4200000, 0x00000006c4200000, 0x00000006c4300000|  0%| F|  |TS  0|AC  0|TAMS 0x00000006c4200000, 0x00000006c4200000|
|  67|0x00000006c4300000, 0x00000006c4300000, 0x00000006c4400000|  0%| F|  |TS  0|AC  0|TAMS 0x00000006c4300000, 0x00000006c4300000|
|  68|0x00000006c4400000, 0x00000006c4400000, 0x00000006c4500000|  0%| F|  |TS  0|AC  0|TAMS 0x00000006c4400000, 0x00000006c4400000|
|  69|0x00000006c4500000, 0x00000006c4500000, 0x00000006c4600000|  0%| F|  |TS  0|AC  0|TAMS 0x00000006c4500000, 0x00000006c4500000|
|  70|0x00000006c4600000, 0x00000006c4600000, 0x00000006c4700000|  0%| F|  |TS  0|AC  0|TAMS 0x00000006c4600000, 0x00000006c4600000|
|  71|0x00000006c4700000, 0x00000006c4700000, 0x00000006c4800000|  0%| F|  |TS  0|AC  0|TAMS 0x00000006c4700000, 0x00000006c4700000|
|  72|0x00000006c4800000, 0x00000006c4800000, 0x00000006c4900000|  0%| F|  |TS  0|AC  0|TAMS 0x00000006c4800000, 0x00000006c4800000|
|  73|0x00000006c4900000, 0x00000006c4900000, 0x00000006c4a00000|  0%| F|  |TS  0|AC  0|TAMS 0x00000006c4900000, 0x00000006c4900000|
|  74|0x00000006c4a00000, 0x00000006c4a00000, 0x00000006c4b00000|  0%| F|  |TS  0|AC  0|TAMS 0x00000006c4a00000, 0x00000006c4a00000|
|  75|0x00000006c4b00000, 0x00000006c4b00000, 0x00000006c4c00000|  0%| F|  |TS  0|AC  0|TAMS 0x00000006c4b00000, 0x00000006c4b00000|
|  76|0x00000006c4c00000, 0x00000006c4c00000, 0x00000006c4d00000|  0%| F|  |TS  0|AC  0|TAMS 0x00000006c4c00000, 0x00000006c4c00000|
|  77|0x00000006c4d00000, 0x00000006c4d00000, 0x00000006c4e00000|  0%| F|  |TS  0|AC  0|TAMS 0x00000006c4d00000, 0x00000006c4d00000|
|  78|0x00000006c4e00000, 0x00000006c4e00000, 0x00000006c4f00000|  0%| F|  |TS  0|AC  0|TAMS 0x00000006c4e00000, 0x00000006c4e00000|
|  79|0x00000006c4f00000, 0x00000006c4f00000, 0x00000006c5000000|  0%| F|  |TS  0|AC  0|TAMS 0x00000006c4f00000, 0x00000006c4f00000|
|  80|0x00000006c5000000, 0x00000006c5000000, 0x00000006c5100000|  0%| F|  |TS  0|AC  0|TAMS 0x00000006c5000000, 0x00000006c5000000|
|  81|0x00000006c5100000, 0x00000006c5100000, 0x00000006c5200000|  0%| F|  |TS  0|AC  0|TAMS 0x00000006c5100000, 0x00000006c5100000|
|  82|0x00000006c5200000, 0x00000006c5200000, 0x00000006c5300000|  0%| F|  |TS  0|AC  0|TAMS 0x00000006c5200000, 0x00000006c5200000|
|  83|0x00000006c5300000, 0x00000006c5300000, 0x00000006c5400000|  0%| F|  |TS  0|AC  0|TAMS 0x00000006c5300000, 0x00000006c5300000|
|  84|0x00000006c5400000, 0x00000006c5400000, 0x00000006c5500000|  0%| F|  |TS  0|AC  0|TAMS 0x00000006c5400000, 0x00000006c5400000|
|  85|0x00000006c5500000, 0x00000006c5500000, 0x00000006c5600000|  0%| F|  |TS  0|AC  0|TAMS 0x00000006c5500000, 0x00000006c5500000|
|  86|0x00000006c5600000, 0x00000006c5600000, 0x00000006c5700000|  0%| F|  |TS  0|AC  0|TAMS 0x00000006c5600000, 0x00000006c5600000|
|  87|0x00000006c5700000, 0x00000006c5700000, 0x00000006c5800000|  0%| F|  |TS  0|AC  0|TAMS 0x00000006c5700000, 0x00000006c5700000|
|  88|0x00000006c5800000, 0x00000006c5800000, 0x00000006c5900000|  0%| F|  |TS  0|AC  0|TAMS 0x00000006c5800000, 0x00000006c5800000|
|  89|0x00000006c5900000, 0x00000006c5900000, 0x00000006c5a00000|  0%| F|  |TS  0|AC  0|TAMS 0x00000006c5900000, 0x00000006c5900000|
|  90|0x00000006c5a00000, 0x00000006c5a00000, 0x00000006c5b00000|  0%| F|  |TS  0|AC  0|TAMS 0x00000006c5a00000, 0x00000006c5a00000|
|  91|0x00000006c5b00000, 0x00000006c5b00000, 0x00000006c5c00000|  0%| F|  |TS  0|AC  0|TAMS 0x00000006c5b00000, 0x00000006c5b00000|
|  92|0x00000006c5c00000, 0x00000006c5c00000, 0x00000006c5d00000|  0%| F|  |TS  0|AC  0|TAMS 0x00000006c5c00000, 0x00000006c5c00000|
|  93|0x00000006c5d00000, 0x00000006c5d00000, 0x00000006c5e00000|  0%| F|  |TS  0|AC  0|TAMS 0x00000006c5d00000, 0x00000006c5d00000|
|  94|0x00000006c5e00000, 0x00000006c5e00000, 0x00000006c5f00000|  0%| F|  |TS  0|AC  0|TAMS 0x00000006c5e00000, 0x00000006c5e00000|
|  95|0x00000006c5f00000, 0x00000006c5f00000, 0x00000006c6000000|  0%| F|  |TS  0|AC  0|TAMS 0x00000006c5f00000, 0x00000006c5f00000|
|  96|0x00000006c6000000, 0x00000006c6000000, 0x00000006c6100000|  0%| F|  |TS  0|AC  0|TAMS 0x00000006c6000000, 0x00000006c6000000|
|  97|0x00000006c6100000, 0x00000006c6100000, 0x00000006c6200000|  0%| F|  |TS  0|AC  0|TAMS 0x00000006c6100000, 0x00000006c6100000|
|  98|0x00000006c6200000, 0x00000006c6200000, 0x00000006c6300000|  0%| F|  |TS  0|AC  0|TAMS 0x00000006c6200000, 0x00000006c6200000|
|  99|0x00000006c6300000, 0x00000006c6300000, 0x00000006c6400000|  0%| F|  |TS  0|AC  0|TAMS 0x00000006c6300000, 0x00000006c6300000|
| 100|0x00000006c6400000, 0x00000006c6400000, 0x00000006c6500000|  0%| F|  |TS  0|AC  0|TAMS 0x00000006c6400000, 0x00000006c6400000|
| 101|0x00000006c6500000, 0x00000006c6500000, 0x00000006c6600000|  0%| F|  |TS  0|AC  0|TAMS 0x00000006c6500000, 0x00000006c6500000|
| 102|0x00000006c6600000, 0x00000006c6600000, 0x00000006c6700000|  0%| F|  |TS  0|AC  0|TAMS 0x00000006c6600000, 0x00000006c6600000|
| 103|0x00000006c6700000, 0x00000006c6700000, 0x00000006c6800000|  0%| F|  |TS  0|AC  0|TAMS 0x00000006c6700000, 0x00000006c6700000|
| 104|0x00000006c6800000, 0x00000006c6800000, 0x00000006c6900000|  0%| F|  |TS  0|AC  0|TAMS 0x00000006c6800000, 0x00000006c6800000|
| 105|0x00000006c6900000, 0x00000006c6900000, 0x00000006c6a00000|  0%| F|  |TS  0|AC  0|TAMS 0x00000006c6900000, 0x00000006c6900000|
| 106|0x00000006c6a00000, 0x00000006c6a00000, 0x00000006c6b00000|  0%| F|  |TS  0|AC  0|TAMS 0x00000006c6a00000, 0x00000006c6a00000|
| 107|0x00000006c6b00000, 0x00000006c6b00000, 0x00000006c6c00000|  0%| F|  |TS  0|AC  0|TAMS 0x00000006c6b00000, 0x00000006c6b00000|
| 108|0x00000006c6c00000, 0x00000006c6c00000, 0x00000006c6d00000|  0%| F|  |TS  0|AC  0|TAMS 0x00000006c6c00000, 0x00000006c6c00000|
| 109|0x00000006c6d00000, 0x00000006c6d00000, 0x00000006c6e00000|  0%| F|  |TS  0|AC  0|TAMS 0x00000006c6d00000, 0x00000006c6d00000|
| 110|0x00000006c6e00000, 0x00000006c6e00000, 0x00000006c6f00000|  0%| F|  |TS  0|AC  0|TAMS 0x00000006c6e00000, 0x00000006c6e00000|
| 111|0x00000006c6f00000, 0x00000006c6f00000, 0x00000006c7000000|  0%| F|  |TS  0|AC  0|TAMS 0x00000006c6f00000, 0x00000006c6f00000|
| 112|0x00000006c7000000, 0x00000006c7000000, 0x00000006c7100000|  0%| F|  |TS  0|AC  0|TAMS 0x00000006c7000000, 0x00000006c7000000|
| 113|0x00000006c7100000, 0x00000006c7100000, 0x00000006c7200000|  0%| F|  |TS  0|AC  0|TAMS 0x00000006c7100000, 0x00000006c7100000|
| 114|0x00000006c7200000, 0x00000006c7200000, 0x00000006c7300000|  0%| F|  |TS  0|AC  0|TAMS 0x00000006c7200000, 0x00000006c7200000|
| 115|0x00000006c7300000, 0x00000006c7300000, 0x00000006c7400000|  0%| F|  |TS  0|AC  0|TAMS 0x00000006c7300000, 0x00000006c7300000|
| 116|0x00000006c7400000, 0x00000006c7400000, 0x00000006c7500000|  0%| F|  |TS  0|AC  0|TAMS 0x00000006c7400000, 0x00000006c7400000|
| 117|0x00000006c7500000, 0x00000006c7500000, 0x00000006c7600000|  0%| F|  |TS  0|AC  0|TAMS 0x00000006c7500000, 0x00000006c7500000|
| 118|0x00000006c7600000, 0x00000006c7600000, 0x00000006c7700000|  0%| F|  |TS  0|AC  0|TAMS 0x00000006c7600000, 0x00000006c7600000|
| 119|0x00000006c7700000, 0x00000006c7700000, 0x00000006c7800000|  0%| F|  |TS  0|AC  0|TAMS 0x00000006c7700000, 0x00000006c7700000|
| 120|0x00000006c7800000, 0x00000006c7800000, 0x00000006c7900000|  0%| F|  |TS  0|AC  0|TAMS 0x00000006c7800000, 0x00000006c7800000|
| 121|0x00000006c7900000, 0x00000006c7900000, 0x00000006c7a00000|  0%| F|  |TS  0|AC  0|TAMS 0x00000006c7900000, 0x00000006c7900000|
| 122|0x00000006c7a00000, 0x00000006c7a00000, 0x00000006c7b00000|  0%| F|  |TS  0|AC  0|TAMS 0x00000006c7a00000, 0x00000006c7a00000|
| 123|0x00000006c7b00000, 0x00000006c7b00000, 0x00000006c7c00000|  0%| F|  |TS  0|AC  0|TAMS 0x00000006c7b00000, 0x00000006c7b00000|
| 124|0x00000006c7c00000, 0x00000006c7c00000, 0x00000006c7d00000|  0%| F|  |TS  0|AC  0|TAMS 0x00000006c7c00000, 0x00000006c7c00000|
| 125|0x00000006c7d00000, 0x00000006c7d00000, 0x00000006c7e00000|  0%| F|  |TS  0|AC  0|TAMS 0x00000006c7d00000, 0x00000006c7d00000|
| 126|0x00000006c7e00000, 0x00000006c7e00000, 0x00000006c7f00000|  0%| F|  |TS  0|AC  0|TAMS 0x00000006c7e00000, 0x00000006c7e00000|
| 127|0x00000006c7f00000, 0x00000006c7f00000, 0x00000006c8000000|  0%| F|  |TS  0|AC  0|TAMS 0x00000006c7f00000, 0x00000006c7f00000|
| 128|0x00000006c8000000, 0x00000006c8000000, 0x00000006c8100000|  0%| F|  |TS  0|AC  0|TAMS 0x00000006c8000000, 0x00000006c8000000|
| 129|0x00000006c8100000, 0x00000006c8100000, 0x00000006c8200000|  0%| F|  |TS  0|AC  0|TAMS 0x00000006c8100000, 0x00000006c8100000|
| 130|0x00000006c8200000, 0x00000006c8200000, 0x00000006c8300000|  0%| F|  |TS  0|AC  0|TAMS 0x00000006c8200000, 0x00000006c8200000|
| 131|0x00000006c8300000, 0x00000006c8300000, 0x00000006c8400000|  0%| F|  |TS  0|AC  0|TAMS 0x00000006c8300000, 0x00000006c8300000|
| 132|0x00000006c8400000, 0x00000006c8400000, 0x00000006c8500000|  0%| F|  |TS  0|AC  0|TAMS 0x00000006c8400000, 0x00000006c8400000|
| 133|0x00000006c8500000, 0x00000006c8500000, 0x00000006c8600000|  0%| F|  |TS  0|AC  0|TAMS 0x00000006c8500000, 0x00000006c8500000|
| 134|0x00000006c8600000, 0x00000006c8600000, 0x00000006c8700000|  0%| F|  |TS  0|AC  0|TAMS 0x00000006c8600000, 0x00000006c8600000|
| 135|0x00000006c8700000, 0x00000006c8700000, 0x00000006c8800000|  0%| F|  |TS  0|AC  0|TAMS 0x00000006c8700000, 0x00000006c8700000|
| 136|0x00000006c8800000, 0x00000006c8800000, 0x00000006c8900000|  0%| F|  |TS  0|AC  0|TAMS 0x00000006c8800000, 0x00000006c8800000|
| 137|0x00000006c8900000, 0x00000006c8900000, 0x00000006c8a00000|  0%| F|  |TS  0|AC  0|TAMS 0x00000006c8900000, 0x00000006c8900000|
| 138|0x00000006c8a00000, 0x00000006c8a00000, 0x00000006c8b00000|  0%| F|  |TS  0|AC  0|TAMS 0x00000006c8a00000, 0x00000006c8a00000|
| 139|0x00000006c8b00000, 0x00000006c8b00000, 0x00000006c8c00000|  0%| F|  |TS  0|AC  0|TAMS 0x00000006c8b00000, 0x00000006c8b00000|
| 140|0x00000006c8c00000, 0x00000006c8c00000, 0x00000006c8d00000|  0%| F|  |TS  0|AC  0|TAMS 0x00000006c8c00000, 0x00000006c8c00000|
| 141|0x00000006c8d00000, 0x00000006c8d00000, 0x00000006c8e00000|  0%| F|  |TS  0|AC  0|TAMS 0x00000006c8d00000, 0x00000006c8d00000|
| 142|0x00000006c8e00000, 0x00000006c8e00000, 0x00000006c8f00000|  0%| F|  |TS  0|AC  0|TAMS 0x00000006c8e00000, 0x00000006c8e00000|
| 143|0x00000006c8f00000, 0x00000006c8f00000, 0x00000006c9000000|  0%| F|  |TS  0|AC  0|TAMS 0x00000006c8f00000, 0x00000006c8f00000|
| 144|0x00000006c9000000, 0x00000006c9000000, 0x00000006c9100000|  0%| F|  |TS  0|AC  0|TAMS 0x00000006c9000000, 0x00000006c9000000|
| 145|0x00000006c9100000, 0x00000006c9100000, 0x00000006c9200000|  0%| F|  |TS  0|AC  0|TAMS 0x00000006c9100000, 0x00000006c9100000|
| 146|0x00000006c9200000, 0x00000006c9200000, 0x00000006c9300000|  0%| F|  |TS  0|AC  0|TAMS 0x00000006c9200000, 0x00000006c9200000|
| 147|0x00000006c9300000, 0x00000006c9300000, 0x00000006c9400000|  0%| F|  |TS  0|AC  0|TAMS 0x00000006c9300000, 0x00000006c9300000|
| 148|0x00000006c9400000, 0x00000006c9400000, 0x00000006c9500000|  0%| F|  |TS  0|AC  0|TAMS 0x00000006c9400000, 0x00000006c9400000|
| 149|0x00000006c9500000, 0x00000006c9500000, 0x00000006c9600000|  0%| F|  |TS  0|AC  0|TAMS 0x00000006c9500000, 0x00000006c9500000|
| 150|0x00000006c9600000, 0x00000006c9600000, 0x00000006c9700000|  0%| F|  |TS  0|AC  0|TAMS 0x00000006c9600000, 0x00000006c9600000|
| 151|0x00000006c9700000, 0x00000006c9700000, 0x00000006c9800000|  0%| F|  |TS  0|AC  0|TAMS 0x00000006c9700000, 0x00000006c9700000|
| 152|0x00000006c9800000, 0x00000006c9800000, 0x00000006c9900000|  0%| F|  |TS  0|AC  0|TAMS 0x00000006c9800000, 0x00000006c9800000|
| 153|0x00000006c9900000, 0x00000006c9900000, 0x00000006c9a00000|  0%| F|  |TS  0|AC  0|TAMS 0x00000006c9900000, 0x00000006c9900000|
| 154|0x00000006c9a00000, 0x00000006c9a00000, 0x00000006c9b00000|  0%| F|  |TS  0|AC  0|TAMS 0x00000006c9a00000, 0x00000006c9a00000|
| 155|0x00000006c9b00000, 0x00000006c9b00000, 0x00000006c9c00000|  0%| F|  |TS  0|AC  0|TAMS 0x00000006c9b00000, 0x00000006c9b00000|
| 156|0x00000006c9c00000, 0x00000006c9c00000, 0x00000006c9d00000|  0%| F|  |TS  0|AC  0|TAMS 0x00000006c9c00000, 0x00000006c9c00000|
| 157|0x00000006c9d00000, 0x00000006c9d00000, 0x00000006c9e00000|  0%| F|  |TS  0|AC  0|TAMS 0x00000006c9d00000, 0x00000006c9d00000|
| 158|0x00000006c9e00000, 0x00000006c9e00000, 0x00000006c9f00000|  0%| F|  |TS  0|AC  0|TAMS 0x00000006c9e00000, 0x00000006c9e00000|
| 159|0x00000006c9f00000, 0x00000006c9f00000, 0x00000006ca000000|  0%| F|  |TS  0|AC  0|TAMS 0x00000006c9f00000, 0x00000006c9f00000|
| 160|0x00000006ca000000, 0x00000006ca000000, 0x00000006ca100000|  0%| F|  |TS  0|AC  0|TAMS 0x00000006ca000000, 0x00000006ca000000|
| 161|0x00000006ca100000, 0x00000006ca100000, 0x00000006ca200000|  0%| F|  |TS  0|AC  0|TAMS 0x00000006ca100000, 0x00000006ca100000|
| 162|0x00000006ca200000, 0x00000006ca200000, 0x00000006ca300000|  0%| F|  |TS  0|AC  0|TAMS 0x00000006ca200000, 0x00000006ca200000|
| 163|0x00000006ca300000, 0x00000006ca300000, 0x00000006ca400000|  0%| F|  |TS  0|AC  0|TAMS 0x00000006ca300000, 0x00000006ca300000|
| 164|0x00000006ca400000, 0x00000006ca400000, 0x00000006ca500000|  0%| F|  |TS  0|AC  0|TAMS 0x00000006ca400000, 0x00000006ca400000|
| 165|0x00000006ca500000, 0x00000006ca500000, 0x00000006ca600000|  0%| F|  |TS  0|AC  0|TAMS 0x00000006ca500000, 0x00000006ca500000|
| 166|0x00000006ca600000, 0x00000006ca600000, 0x00000006ca700000|  0%| F|  |TS  0|AC  0|TAMS 0x00000006ca600000, 0x00000006ca600000|
| 167|0x00000006ca700000, 0x00000006ca700000, 0x00000006ca800000|  0%| F|  |TS  0|AC  0|TAMS 0x00000006ca700000, 0x00000006ca700000|
| 168|0x00000006ca800000, 0x00000006ca800000, 0x00000006ca900000|  0%| F|  |TS  0|AC  0|TAMS 0x00000006ca800000, 0x00000006ca800000|
| 169|0x00000006ca900000, 0x00000006ca900000, 0x00000006caa00000|  0%| F|  |TS  0|AC  0|TAMS 0x00000006ca900000, 0x00000006ca900000|
| 170|0x00000006caa00000, 0x00000006caa00000, 0x00000006cab00000|  0%| F|  |TS  0|AC  0|TAMS 0x00000006caa00000, 0x00000006caa00000|
| 171|0x00000006cab00000, 0x00000006cab00000, 0x00000006cac00000|  0%| F|  |TS  0|AC  0|TAMS 0x00000006cab00000, 0x00000006cab00000|
| 172|0x00000006cac00000, 0x00000006cac00000, 0x00000006cad00000|  0%| F|  |TS  0|AC  0|TAMS 0x00000006cac00000, 0x00000006cac00000|
| 173|0x00000006cad00000, 0x00000006cad00000, 0x00000006cae00000|  0%| F|  |TS  0|AC  0|TAMS 0x00000006cad00000, 0x00000006cad00000|
| 174|0x00000006cae00000, 0x00000006cae00000, 0x00000006caf00000|  0%| F|  |TS  0|AC  0|TAMS 0x00000006cae00000, 0x00000006cae00000|
| 175|0x00000006caf00000, 0x00000006caf00000, 0x00000006cb000000|  0%| F|  |TS  0|AC  0|TAMS 0x00000006caf00000, 0x00000006caf00000|
| 176|0x00000006cb000000, 0x00000006cb000000, 0x00000006cb100000|  0%| F|  |TS  0|AC  0|TAMS 0x00000006cb000000, 0x00000006cb000000|
| 177|0x00000006cb100000, 0x00000006cb100000, 0x00000006cb200000|  0%| F|  |TS  0|AC  0|TAMS 0x00000006cb100000, 0x00000006cb100000|
| 178|0x00000006cb200000, 0x00000006cb200000, 0x00000006cb300000|  0%| F|  |TS  0|AC  0|TAMS 0x00000006cb200000, 0x00000006cb200000|
| 179|0x00000006cb300000, 0x00000006cb300000, 0x00000006cb400000|  0%| F|  |TS  0|AC  0|TAMS 0x00000006cb300000, 0x00000006cb300000|
| 180|0x00000006cb400000, 0x00000006cb400000, 0x00000006cb500000|  0%| F|  |TS  0|AC  0|TAMS 0x00000006cb400000, 0x00000006cb400000|
| 181|0x00000006cb500000, 0x00000006cb500000, 0x00000006cb600000|  0%| F|  |TS  0|AC  0|TAMS 0x00000006cb500000, 0x00000006cb500000|
| 182|0x00000006cb600000, 0x00000006cb600000, 0x00000006cb700000|  0%| F|  |TS  0|AC  0|TAMS 0x00000006cb600000, 0x00000006cb600000|
| 183|0x00000006cb700000, 0x00000006cb700000, 0x00000006cb800000|  0%| F|  |TS  0|AC  0|TAMS 0x00000006cb700000, 0x00000006cb700000|
| 184|0x00000006cb800000, 0x00000006cb800000, 0x00000006cb900000|  0%| F|  |TS  0|AC  0|TAMS 0x00000006cb800000, 0x00000006cb800000|
| 185|0x00000006cb900000, 0x00000006cb900000, 0x00000006cba00000|  0%| F|  |TS  0|AC  0|TAMS 0x00000006cb900000, 0x00000006cb900000|
| 186|0x00000006cba00000, 0x00000006cba00000, 0x00000006cbb00000|  0%| F|  |TS  0|AC  0|TAMS 0x00000006cba00000, 0x00000006cba00000|
| 187|0x00000006cbb00000, 0x00000006cbb00000, 0x00000006cbc00000|  0%| F|  |TS  0|AC  0|TAMS 0x00000006cbb00000, 0x00000006cbb00000|
| 188|0x00000006cbc00000, 0x00000006cbc00000, 0x00000006cbd00000|  0%| F|  |TS  0|AC  0|TAMS 0x00000006cbc00000, 0x00000006cbc00000|
| 189|0x00000006cbd00000, 0x00000006cbd00000, 0x00000006cbe00000|  0%| F|  |TS  0|AC  0|TAMS 0x00000006cbd00000, 0x00000006cbd00000|
| 190|0x00000006cbe00000, 0x00000006cbe00000, 0x00000006cbf00000|  0%| F|  |TS  0|AC  0|TAMS 0x00000006cbe00000, 0x00000006cbe00000|
| 191|0x00000006cbf00000, 0x00000006cbf00000, 0x00000006cc000000|  0%| F|  |TS  0|AC  0|TAMS 0x00000006cbf00000, 0x00000006cbf00000|
| 192|0x00000006cc000000, 0x00000006cc000000, 0x00000006cc100000|  0%| F|  |TS  0|AC  0|TAMS 0x00000006cc000000, 0x00000006cc000000|
| 193|0x00000006cc100000, 0x00000006cc100000, 0x00000006cc200000|  0%| F|  |TS  0|AC  0|TAMS 0x00000006cc100000, 0x00000006cc100000|
| 194|0x00000006cc200000, 0x00000006cc200000, 0x00000006cc300000|  0%| F|  |TS  0|AC  0|TAMS 0x00000006cc200000, 0x00000006cc200000|
| 195|0x00000006cc300000, 0x00000006cc300000, 0x00000006cc400000|  0%| F|  |TS  0|AC  0|TAMS 0x00000006cc300000, 0x00000006cc300000|
| 196|0x00000006cc400000, 0x00000006cc400000, 0x00000006cc500000|  0%| F|  |TS  0|AC  0|TAMS 0x00000006cc400000, 0x00000006cc400000|
| 197|0x00000006cc500000, 0x00000006cc500000, 0x00000006cc600000|  0%| F|  |TS  0|AC  0|TAMS 0x00000006cc500000, 0x00000006cc500000|
| 198|0x00000006cc600000, 0x00000006cc600000, 0x00000006cc700000|  0%| F|  |TS  0|AC  0|TAMS 0x00000006cc600000, 0x00000006cc600000|
| 199|0x00000006cc700000, 0x00000006cc700000, 0x00000006cc800000|  0%| F|  |TS  0|AC  0|TAMS 0x00000006cc700000, 0x00000006cc700000|
| 200|0x00000006cc800000, 0x00000006cc800000, 0x00000006cc900000|  0%| F|  |TS  0|AC  0|TAMS 0x00000006cc800000, 0x00000006cc800000|
| 201|0x00000006cc900000, 0x00000006cc900000, 0x00000006cca00000|  0%| F|  |TS  0|AC  0|TAMS 0x00000006cc900000, 0x00000006cc900000|
| 202|0x00000006cca00000, 0x00000006cca00000, 0x00000006ccb00000|  0%| F|  |TS  0|AC  0|TAMS 0x00000006cca00000, 0x00000006cca00000|
| 203|0x00000006ccb00000, 0x00000006ccb00000, 0x00000006ccc00000|  0%| F|  |TS  0|AC  0|TAMS 0x00000006ccb00000, 0x00000006ccb00000|
| 204|0x00000006ccc00000, 0x00000006ccc00000, 0x00000006ccd00000|  0%| F|  |TS  0|AC  0|TAMS 0x00000006ccc00000, 0x00000006ccc00000|
| 205|0x00000006ccd00000, 0x00000006ccd00000, 0x00000006cce00000|  0%| F|  |TS  0|AC  0|TAMS 0x00000006ccd00000, 0x00000006ccd00000|
| 206|0x00000006cce00000, 0x00000006cce00000, 0x00000006ccf00000|  0%| F|  |TS  0|AC  0|TAMS 0x00000006cce00000, 0x00000006cce00000|
| 207|0x00000006ccf00000, 0x00000006ccf00000, 0x00000006cd000000|  0%| F|  |TS  0|AC  0|TAMS 0x00000006ccf00000, 0x00000006ccf00000|
| 208|0x00000006cd000000, 0x00000006cd000000, 0x00000006cd100000|  0%| F|  |TS  0|AC  0|TAMS 0x00000006cd000000, 0x00000006cd000000|
| 209|0x00000006cd100000, 0x00000006cd100000, 0x00000006cd200000|  0%| F|  |TS  0|AC  0|TAMS 0x00000006cd100000, 0x00000006cd100000|
| 210|0x00000006cd200000, 0x00000006cd200000, 0x00000006cd300000|  0%| F|  |TS  0|AC  0|TAMS 0x00000006cd200000, 0x00000006cd200000|
| 211|0x00000006cd300000, 0x00000006cd300000, 0x00000006cd400000|  0%| F|  |TS  0|AC  0|TAMS 0x00000006cd300000, 0x00000006cd300000|
| 212|0x00000006cd400000, 0x00000006cd400000, 0x00000006cd500000|  0%| F|  |TS  0|AC  0|TAMS 0x00000006cd400000, 0x00000006cd400000|
| 213|0x00000006cd500000, 0x00000006cd500000, 0x00000006cd600000|  0%| F|  |TS  0|AC  0|TAMS 0x00000006cd500000, 0x00000006cd500000|
| 214|0x00000006cd600000, 0x00000006cd600000, 0x00000006cd700000|  0%| F|  |TS  0|AC  0|TAMS 0x00000006cd600000, 0x00000006cd600000|
| 215|0x00000006cd700000, 0x00000006cd800000, 0x00000006cd800000|100%| E|  |TS  0|AC  0|TAMS 0x00000006cd700000, 0x00000006cd700000|
| 216|0x00000006cd800000, 0x00000006cd900000, 0x00000006cd900000|100%| E|CS|TS  0|AC  0|TAMS 0x00000006cd800000, 0x00000006cd800000|
| 217|0x00000006cd900000, 0x00000006cda00000, 0x00000006cda00000|100%| E|CS|TS  0|AC  0|TAMS 0x00000006cd900000, 0x00000006cd900000|
| 218|0x00000006cda00000, 0x00000006cdb00000, 0x00000006cdb00000|100%| E|CS|TS  0|AC  0|TAMS 0x00000006cda00000, 0x00000006cda00000|
| 219|0x00000006cdb00000, 0x00000006cdc00000, 0x00000006cdc00000|100%| E|CS|TS  0|AC  0|TAMS 0x00000006cdb00000, 0x00000006cdb00000|
| 220|0x00000006cdc00000, 0x00000006cdd00000, 0x00000006cdd00000|100%| E|CS|TS  0|AC  0|TAMS 0x00000006cdc00000, 0x00000006cdc00000|
| 221|0x00000006cdd00000, 0x00000006cde00000, 0x00000006cde00000|100%| E|CS|TS  0|AC  0|TAMS 0x00000006cdd00000, 0x00000006cdd00000|
| 222|0x00000006cde00000, 0x00000006cdf00000, 0x00000006cdf00000|100%| E|CS|TS  0|AC  0|TAMS 0x00000006cde00000, 0x00000006cde00000|
| 223|0x00000006cdf00000, 0x00000006ce000000, 0x00000006ce000000|100%| E|CS|TS  0|AC  0|TAMS 0x00000006cdf00000, 0x00000006cdf00000|
| 224|0x00000006ce000000, 0x00000006ce100000, 0x00000006ce100000|100%| E|CS|TS  0|AC  0|TAMS 0x00000006ce000000, 0x00000006ce000000|
| 225|0x00000006ce100000, 0x00000006ce200000, 0x00000006ce200000|100%| E|CS|TS  0|AC  0|TAMS 0x00000006ce100000, 0x00000006ce100000|
| 226|0x00000006ce200000, 0x00000006ce300000, 0x00000006ce300000|100%| E|CS|TS  0|AC  0|TAMS 0x00000006ce200000, 0x00000006ce200000|
| 227|0x00000006ce300000, 0x00000006ce400000, 0x00000006ce400000|100%| E|CS|TS  0|AC  0|TAMS 0x00000006ce300000, 0x00000006ce300000|
| 228|0x00000006ce400000, 0x00000006ce500000, 0x00000006ce500000|100%| E|CS|TS  0|AC  0|TAMS 0x00000006ce400000, 0x00000006ce400000|
| 229|0x00000006ce500000, 0x00000006ce600000, 0x00000006ce600000|100%| S|CS|TS  1|AC  0|TAMS 0x00000006ce500000, 0x00000006ce500000|
| 230|0x00000006ce600000, 0x00000006ce700000, 0x00000006ce700000|100%| S|CS|TS  1|AC  0|TAMS 0x00000006ce600000, 0x00000006ce600000|
| 231|0x00000006ce700000, 0x00000006ce800000, 0x00000006ce800000|100%| S|CS|TS  1|AC  0|TAMS 0x00000006ce700000, 0x00000006ce700000|
| 232|0x00000006ce800000, 0x00000006ce900000, 0x00000006ce900000|100%| E|CS|TS  1|AC  0|TAMS 0x00000006ce800000, 0x00000006ce800000|
| 233|0x00000006ce900000, 0x00000006cea00000, 0x00000006cea00000|100%| E|CS|TS  1|AC  0|TAMS 0x00000006ce900000, 0x00000006ce900000|
| 234|0x00000006cea00000, 0x00000006ceb00000, 0x00000006ceb00000|100%| E|CS|TS  1|AC  0|TAMS 0x00000006cea00000, 0x00000006cea00000|
| 235|0x00000006ceb00000, 0x00000006cec00000, 0x00000006cec00000|100%| E|CS|TS  1|AC  0|TAMS 0x00000006ceb00000, 0x00000006ceb00000|
| 236|0x00000006cec00000, 0x00000006ced00000, 0x00000006ced00000|100%| E|CS|TS  1|AC  0|TAMS 0x00000006cec00000, 0x00000006cec00000|
| 237|0x00000006ced00000, 0x00000006cee00000, 0x00000006cee00000|100%| E|CS|TS  1|AC  0|TAMS 0x00000006ced00000, 0x00000006ced00000|
| 238|0x00000006cee00000, 0x00000006cef00000, 0x00000006cef00000|100%| E|CS|TS  1|AC  0|TAMS 0x00000006cee00000, 0x00000006cee00000|
| 239|0x00000006cef00000, 0x00000006cf000000, 0x00000006cf000000|100%| E|CS|TS  1|AC  0|TAMS 0x00000006cef00000, 0x00000006cef00000|
| 240|0x00000006cf000000, 0x00000006cf100000, 0x00000006cf100000|100%| E|CS|TS  1|AC  0|TAMS 0x00000006cf000000, 0x00000006cf000000|
| 241|0x00000006cf100000, 0x00000006cf200000, 0x00000006cf200000|100%| E|CS|TS  1|AC  0|TAMS 0x00000006cf100000, 0x00000006cf100000|
| 242|0x00000006cf200000, 0x00000006cf300000, 0x00000006cf300000|100%| E|CS|TS  1|AC  0|TAMS 0x00000006cf200000, 0x00000006cf200000|
| 243|0x00000006cf300000, 0x00000006cf400000, 0x00000006cf400000|100%| E|CS|TS  1|AC  0|TAMS 0x00000006cf300000, 0x00000006cf300000|
| 244|0x00000006cf400000, 0x00000006cf500000, 0x00000006cf500000|100%| E|CS|TS  1|AC  0|TAMS 0x00000006cf400000, 0x00000006cf400000|
| 245|0x00000006cf500000, 0x00000006cf600000, 0x00000006cf600000|100%| E|CS|TS  1|AC  0|TAMS 0x00000006cf500000, 0x00000006cf500000|
| 246|0x00000006cf600000, 0x00000006cf700000, 0x00000006cf700000|100%| E|CS|TS  1|AC  0|TAMS 0x00000006cf600000, 0x00000006cf600000|
| 247|0x00000006cf700000, 0x00000006cf800000, 0x00000006cf800000|100%| E|CS|TS  1|AC  0|TAMS 0x00000006cf700000, 0x00000006cf700000|
| 248|0x00000006cf800000, 0x00000006cf900000, 0x00000006cf900000|100%| E|CS|TS  1|AC  0|TAMS 0x00000006cf800000, 0x00000006cf800000|
| 249|0x00000006cf900000, 0x00000006cfa00000, 0x00000006cfa00000|100%| E|CS|TS  1|AC  0|TAMS 0x00000006cf900000, 0x00000006cf900000|
| 250|0x00000006cfa00000, 0x00000006cfb00000, 0x00000006cfb00000|100%| E|CS|TS  1|AC  0|TAMS 0x00000006cfa00000, 0x00000006cfa00000|
| 251|0x00000006cfb00000, 0x00000006cfc00000, 0x00000006cfc00000|100%| E|CS|TS  1|AC  0|TAMS 0x00000006cfb00000, 0x00000006cfb00000|
| 252|0x00000006cfc00000, 0x00000006cfd00000, 0x00000006cfd00000|100%| E|CS|TS  1|AC  0|TAMS 0x00000006cfc00000, 0x00000006cfc00000|
| 253|0x00000006cfd00000, 0x00000006cfe00000, 0x00000006cfe00000|100%| E|CS|TS  1|AC  0|TAMS 0x00000006cfd00000, 0x00000006cfd00000|
| 254|0x00000006cfe00000, 0x00000006cff00000, 0x00000006cff00000|100%| E|CS|TS  1|AC  0|TAMS 0x00000006cfe00000, 0x00000006cfe00000|
| 255|0x00000006cff00000, 0x00000006d0000000, 0x00000006d0000000|100%| E|CS|TS  1|AC  0|TAMS 0x00000006cff00000, 0x00000006cff00000|

Card table byte_map: [0x000000010fb5d000,0x000000011035d000] byte_map_base: 0x000000010c55d000

Marking Bits (Prev, Next): (CMBitMap*) 0x00007ffe6c024070, (CMBitMap*) 0x00007ffe6c0240a8
 Prev Bits: [0x000000012d511000, 0x0000000131511000)
 Next Bits: [0x0000000131511000, 0x0000000135511000)

Polling page: 0x000000010c3fc000

CodeHeap 'non-profiled nmethods': size=120032Kb used=1365Kb max_used=1365Kb free=118667Kb
 bounds [0x0000000125fd9000, 0x0000000126249000, 0x000000012d511000]
CodeHeap 'profiled nmethods': size=120028Kb used=3472Kb max_used=3472Kb free=116555Kb
 bounds [0x000000011eaa2000, 0x000000011ee12000, 0x0000000125fd9000]
CodeHeap 'non-nmethods': size=5700Kb used=1391Kb max_used=1428Kb free=4308Kb
 bounds [0x000000011e511000, 0x000000011e781000, 0x000000011eaa2000]
 total_blobs=3204 nmethods=1897 adapters=583
 compilation: enabled

Compilation events (10 events):
Event: 4.723 Thread 0x00007ffe6e000800 nmethod 1887 0x000000012612c090 code [0x000000012612c220, 0x000000012612c2d8]
Event: 4.724 Thread 0x00007ffe6d034800 1888       3       java.awt.EventQueue::uncacheEQItem (53 bytes)
Event: 4.725 Thread 0x00007ffe6d034800 nmethod 1888 0x000000011edfdd90 code [0x000000011edfdf80, 0x000000011edfe6a8]
Event: 4.728 Thread 0x00007ffe6d034800 1889       1       javax.swing.JLabel::getText (5 bytes)
Event: 4.728 Thread 0x00007ffe6d034800 nmethod 1889 0x000000012612c390 code [0x000000012612c540, 0x000000012612c650]
Event: 4.734 Thread 0x00007ffe6d034000 1890       4       java.awt.Component::setForeground (44 bytes)
Event: 4.734 Thread 0x00007ffe6d034800 1891       3       java.lang.Thread::interrupted (8 bytes)
Event: 4.734 Thread 0x00007ffe6d034800 nmethod 1891 0x000000011edfe890 code [0x000000011edfea40, 0x000000011edfebc8]
Event: 4.740 Thread 0x00007ffe6d034800 1892       3       java.util.concurrent.locks.LockSupport::setBlocker (12 bytes)
Event: 4.741 Thread 0x00007ffe6d034800 nmethod 1892 0x000000011edfec90 code [0x000000011edfee40, 0x000000011edfefd0]

GC Heap History (2 events):
Event: 2.383 GC heap before
{Heap before GC invocations=0 (full 0):
 garbage-first heap   total 262144K, used 26624K [0x00000006c0000000, 0x00000006c0100800, 0x00000007c0000000)
  region size 1024K, 24 young (24576K), 0 survivors (0K)
 Metaspace       used 15812K, capacity 16658K, committed 16896K, reserved 1064960K
  class space    used 1771K, capacity 1967K, committed 2048K, reserved 1048576K
}
Event: 2.389 GC heap after
{Heap after GC invocations=1 (full 0):
 garbage-first heap   total 262144K, used 5836K [0x00000006c0000000, 0x00000006c0100800, 0x00000007c0000000)
  region size 1024K, 3 young (3072K), 3 survivors (3072K)
 Metaspace       used 15812K, capacity 16658K, committed 16896K, reserved 1064960K
  class space    used 1771K, capacity 1967K, committed 2048K, reserved 1048576K
}

Deoptimization events (10 events):
Event: 4.710 Thread 0x00007ffe6ae04800 Uncommon trap: reason=class_check action=maybe_recompile pc=0x00000001260f8b40 method=java.util.WeakHashMap.hash(Ljava/lang/Object;)I @ 1 c2
Event: 4.711 Thread 0x00007ffe6ae04800 Uncommon trap: reason=null_check action=make_not_entrant pc=0x000000012609c6b8 method=java.awt.Component.isLightweight()Z @ 4 c2
Event: 4.711 Thread 0x00007ffe6ae04800 Uncommon trap: reason=unstable_if action=reinterpret pc=0x0000000126101470 method=java.awt.Container.mixOnHiding(Z)V @ 33 c2
Event: 4.711 Thread 0x00007ffe6ae04800 Uncommon trap: reason=unstable_if action=reinterpret pc=0x0000000126102fc4 method=java.awt.Component.areBoundsValid()Z @ 6 c2
Event: 4.711 Thread 0x00007ffe6ae04800 Uncommon trap: reason=unstable_if action=reinterpret pc=0x00000001260a2dd4 method=javax.swing.LookAndFeel.installColorsAndFont(Ljavax/swing/JComponent;Ljava/lang/String;Ljava/lang/String;Ljava/lang/String;)V @ 8 c2
Event: 4.711 Thread 0x00007ffe6ae04800 Uncommon trap: reason=unstable_if action=reinterpret pc=0x00000001260f2d70 method=java.awt.KeyboardFocusManager.clearMostRecentFocusOwner(Ljava/awt/Component;)V @ 18 c2
Event: 4.711 Thread 0x00007ffe6ae04800 Uncommon trap: reason=unstable_if action=reinterpret pc=0x0000000126105e68 method=java.awt.Component.areBoundsValid()Z @ 6 c2
Event: 4.713 Thread 0x00007ffe6ae04800 Uncommon trap: reason=unstable_if action=reinterpret pc=0x0000000126104728 method=java.awt.Container.checkGD(Ljava/lang/String;)V @ 16 c2
Event: 4.718 Thread 0x00007ffe6ae04800 Uncommon trap: reason=unstable_if action=reinterpret pc=0x000000012612534c method=java.awt.Container.validateTree()V @ 103 c2
Event: 4.724 Thread 0x00007ffe6ae04800 Uncommon trap: reason=class_check action=maybe_recompile pc=0x00000001260f8b40 method=java.util.WeakHashMap.hash(Ljava/lang/Object;)I @ 1 c2

Classes redefined (0 events):
No events

Internal exceptions (10 events):
Event: 2.705 Thread 0x00007ffe6d502800 Exception <a 'java/lang/InterruptedException'{0x00000006ceb9a820}: sleep interrupted> (0x00000006ceb9a820) thrown at [/scratch/mesos/slaves/450fa0f5-8733-43f8-b866-79fe3e86d200-S756/frameworks/1735e8a2-a1db-478c-8104-60c8b0af87dd-0196/executors/132405fd-8
Event: 2.708 Thread 0x00007ffe6d502800 Exception <a 'java/lang/InterruptedException'{0x00000006cea33cd8}: sleep interrupted> (0x00000006cea33cd8) thrown at [/scratch/mesos/slaves/450fa0f5-8733-43f8-b866-79fe3e86d200-S756/frameworks/1735e8a2-a1db-478c-8104-60c8b0af87dd-0196/executors/132405fd-8
Event: 3.863 Thread 0x00007ffe6aa04000 Implicit null exception at 0x00000001260f1b63 to 0x00000001260f1cdd
Event: 4.644 Thread 0x00007ffe6d014800 Implicit null exception at 0x00000001260aeebb to 0x00000001260af234
Event: 4.683 Thread 0x00007ffe6d014800 Implicit null exception at 0x00000001260e71c7 to 0x00000001260e7921
Event: 4.684 Thread 0x00007ffe6ae04800 Implicit null exception at 0x00000001260f751d to 0x00000001260f7a09
Event: 4.692 Thread 0x00007ffe720fd000 Implicit null exception at 0x00000001260655d4 to 0x0000000126065621
Event: 4.711 Thread 0x00007ffe6ae04800 Implicit null exception at 0x000000012609c650 to 0x000000012609c6ac
Event: 4.711 Thread 0x00007ffe6ae04800 Implicit null exception at 0x0000000126102754 to 0x0000000126102f9d
Event: 4.711 Thread 0x00007ffe6ae04800 Implicit null exception at 0x00000001261055f9 to 0x0000000126105e55

Events (10 events):
Event: 4.717 Executing VM operation: RevokeBias
Event: 4.717 Executing VM operation: RevokeBias done
Event: 4.718 Thread 0x00007ffe6ae04800 Uncommon trap: trap_request=0xffffff5d fr.pc=0x000000012612534c relative=0x00000000000002ac
Event: 4.718 Thread 0x00007ffe6ae04800 DEOPT PACKING pc=0x000000012612534c sp=0x000070000ab954f0
Event: 4.718 Thread 0x00007ffe6ae04800 DEOPT UNPACKING pc=0x000000011e55ec9f sp=0x000070000ab954d0 mode 2
Event: 4.722 loading class sun/lwawt/macosx/CCustomCursor
Event: 4.723 loading class sun/lwawt/macosx/CCustomCursor done
Event: 4.724 Thread 0x00007ffe6ae04800 Uncommon trap: trap_request=0xffffffde fr.pc=0x00000001260f8b40 relative=0x00000000000005e0
Event: 4.724 Thread 0x00007ffe6ae04800 DEOPT PACKING pc=0x00000001260f8b40 sp=0x000070000ab93c50
Event: 4.724 Thread 0x00007ffe6ae04800 DEOPT UNPACKING pc=0x000000011e55ec9f sp=0x000070000ab93b98 mode 2


Dynamic libraries:
0x00007fff39e3b000 	/System/Library/Frameworks/Cocoa.framework/Versions/A/Cocoa
0x00007fff46196000 	/System/Library/Frameworks/Security.framework/Versions/A/Security
0x00007fff38adc000 	/System/Library/Frameworks/ApplicationServices.framework/Versions/A/ApplicationServices
0x00007fff61a36000 	/usr/lib/libz.1.dylib
0x00007fff5fa51000 	/usr/lib/libSystem.B.dylib
0x00007fff3a5cf000 	/System/Library/Frameworks/CoreFoundation.framework/Versions/A/CoreFoundation
0x00007fff3c6e3000 	/System/Library/Frameworks/Foundation.framework/Versions/C/Foundation
0x00007fff61049000 	/usr/lib/libobjc.A.dylib
0x00007fff37c2f000 	/System/Library/Frameworks/AppKit.framework/Versions/C/AppKit
0x00007fff3a1b1000 	/System/Library/Frameworks/CoreData.framework/Versions/A/CoreData
0x00007fff594e0000 	/System/Library/PrivateFrameworks/RemoteViewServices.framework/Versions/A/RemoteViewServices
0x00007fff5daf8000 	/System/Library/PrivateFrameworks/UIFoundation.framework/Versions/A/UIFoundation
0x00007fff4e639000 	/System/Library/PrivateFrameworks/DFRFoundation.framework/Versions/A/DFRFoundation
0x00007fff3eb1e000 	/System/Library/Frameworks/Metal.framework/Versions/A/Metal
0x00007fff4e7db000 	/System/Library/PrivateFrameworks/DesktopServicesPriv.framework/Versions/A/DesktopServicesPriv
0x00007fff6064c000 	/usr/lib/libenergytrace.dylib
0x00007fff5bc30000 	/System/Library/PrivateFrameworks/SkyLight.framework/Versions/A/SkyLight
0x00007fff3aa70000 	/System/Library/Frameworks/CoreGraphics.framework/Versions/A/CoreGraphics
0x00007fff5fa4c000 	/usr/lib/libScreenReader.dylib
0x00007fff36bf7000 	/System/Library/Frameworks/Accelerate.framework/Versions/A/Accelerate
0x00007fff3ce57000 	/System/Library/Frameworks/IOSurface.framework/Versions/A/IOSurface
0x00007fff39026000 	/System/Library/Frameworks/AudioToolbox.framework/Versions/A/AudioToolbox
0x00007fff392b0000 	/System/Library/Frameworks/AudioUnit.framework/Versions/A/AudioUnit
0x00007fff4e6d6000 	/System/Library/PrivateFrameworks/DataDetectorsCore.framework/Versions/A/DataDetectorsCore
0x00007fff39944000 	/System/Library/Frameworks/Carbon.framework/Versions/A/Frameworks/HIToolbox.framework/Versions/A/HIToolbox
0x00007fff607a6000 	/usr/lib/libicucore.A.dylib
0x00007fff4571e000 	/System/Library/Frameworks/QuartzCore.framework/Versions/A/QuartzCore
0x00007fff39d29000 	/System/Library/Frameworks/Carbon.framework/Versions/A/Frameworks/SpeechRecognition.framework/Versions/A/SpeechRecognition
0x00007fff5fbad000 	/usr/lib/libauto.dylib
0x00007fff61925000 	/usr/lib/libxml2.2.dylib
0x00007fff4e2c5000 	/System/Library/PrivateFrameworks/CoreUI.framework/Versions/A/CoreUI
0x00007fff3a08d000 	/System/Library/Frameworks/CoreAudio.framework/Versions/A/CoreAudio
0x00007fff3c51d000 	/System/Library/Frameworks/DiskArbitration.framework/Versions/A/DiskArbitration
0x00007fff60a1a000 	/usr/lib/liblangid.dylib
0x00007fff55a64000 	/System/Library/PrivateFrameworks/MultitouchSupport.framework/Versions/A/MultitouchSupport
0x00007fff3cdba000 	/System/Library/Frameworks/IOKit.framework/Versions/A/IOKit
0x00007fff5f6e8000 	/usr/lib/libDiagnosticMessagesClient.dylib
0x00007fff3b710000 	/System/Library/Frameworks/CoreServices.framework/Versions/A/CoreServices
0x00007fff574ee000 	/System/Library/PrivateFrameworks/PerformanceAnalysis.framework/Versions/A/PerformanceAnalysis
0x00007fff448bc000 	/System/Library/Frameworks/OpenGL.framework/Versions/A/OpenGL
0x00007fff39e49000 	/System/Library/Frameworks/ColorSync.framework/Versions/A/ColorSync
0x00007fff3b07e000 	/System/Library/Frameworks/CoreImage.framework/Versions/A/CoreImage
0x00007fff3c08f000 	/System/Library/Frameworks/CoreText.framework/Versions/A/CoreText
0x00007fff3ceb2000 	/System/Library/Frameworks/ImageIO.framework/Versions/A/ImageIO
0x00007fff4ab97000 	/System/Library/PrivateFrameworks/Backup.framework/Versions/A/Backup
0x00007fff5fafd000 	/usr/lib/libarchive.2.dylib
0x00007fff395c6000 	/System/Library/Frameworks/CFNetwork.framework/Versions/A/CFNetwork
0x00007fff46911000 	/System/Library/Frameworks/SystemConfiguration.framework/Versions/A/SystemConfiguration
0x00007fff5f611000 	/usr/lib/libCRFSuite.dylib
0x00007fff5fc82000 	/usr/lib/libc++.1.dylib
0x00007fff5fcd9000 	/usr/lib/libc++abi.dylib
0x00007fff61ae5000 	/usr/lib/system/libcache.dylib
0x00007fff61aea000 	/usr/lib/system/libcommonCrypto.dylib
0x00007fff61af5000 	/usr/lib/system/libcompiler_rt.dylib
0x00007fff61afd000 	/usr/lib/system/libcopyfile.dylib
0x00007fff61b06000 	/usr/lib/system/libcorecrypto.dylib
0x00007fff61c11000 	/usr/lib/system/libdispatch.dylib
0x00007fff61c4b000 	/usr/lib/system/libdyld.dylib
0x00007fff61c69000 	/usr/lib/system/libkeymgr.dylib
0x00007fff61c77000 	/usr/lib/system/liblaunch.dylib
0x00007fff61c78000 	/usr/lib/system/libmacho.dylib
0x00007fff61c7d000 	/usr/lib/system/libquarantine.dylib
0x00007fff61c80000 	/usr/lib/system/libremovefile.dylib
0x00007fff61c82000 	/usr/lib/system/libsystem_asl.dylib
0x00007fff61c9a000 	/usr/lib/system/libsystem_blocks.dylib
0x00007fff61c9b000 	/usr/lib/system/libsystem_c.dylib
0x00007fff61d25000 	/usr/lib/system/libsystem_configuration.dylib
0x00007fff61d29000 	/usr/lib/system/libsystem_coreservices.dylib
0x00007fff61d2d000 	/usr/lib/system/libsystem_darwin.dylib
0x00007fff61d2f000 	/usr/lib/system/libsystem_dnssd.dylib
0x00007fff61d36000 	/usr/lib/system/libsystem_info.dylib
0x00007fff61da6000 	/usr/lib/system/libsystem_m.dylib
0x00007fff61df2000 	/usr/lib/system/libsystem_malloc.dylib
0x00007fff61e12000 	/usr/lib/system/libsystem_network.dylib
0x00007fff61eb6000 	/usr/lib/system/libsystem_networkextension.dylib
0x00007fff61ec1000 	/usr/lib/system/libsystem_notify.dylib
0x00007fff61edf000 	/usr/lib/system/libsystem_sandbox.dylib
0x00007fff61ee3000 	/usr/lib/system/libsystem_secinit.dylib
0x00007fff61d80000 	/usr/lib/system/libsystem_kernel.dylib
0x00007fff61ecb000 	/usr/lib/system/libsystem_platform.dylib
0x00007fff61ed3000 	/usr/lib/system/libsystem_pthread.dylib
0x00007fff61ee5000 	/usr/lib/system/libsystem_symptoms.dylib
0x00007fff61eed000 	/usr/lib/system/libsystem_trace.dylib
0x00007fff61f02000 	/usr/lib/system/libunwind.dylib
0x00007fff61f08000 	/usr/lib/system/libxpc.dylib
0x00007fff5f53f000 	/usr/lib/closure/libclosured.dylib
0x00007fff5fc63000 	/usr/lib/libbsm.0.dylib
0x00007fff61c6a000 	/usr/lib/system/libkxld.dylib
0x00007fff5f922000 	/usr/lib/libOpenScriptingUtil.dylib
0x00007fff5ffce000 	/usr/lib/libcoretls.dylib
0x00007fff5ffe7000 	/usr/lib/libcoretls_cfhelpers.dylib
0x00007fff6144a000 	/usr/lib/libpam.2.dylib
0x00007fff61571000 	/usr/lib/libsqlite3.dylib
0x00007fff61914000 	/usr/lib/libxar.1.dylib
0x00007fff5fc74000 	/usr/lib/libbz2.1.0.dylib
0x00007fff60a1c000 	/usr/lib/liblzma.5.dylib
0x00007fff60efd000 	/usr/lib/libnetwork.dylib
0x00007fff5fae6000 	/usr/lib/libapple_nghttp2.dylib
0x00007fff61451000 	/usr/lib/libpcap.A.dylib
0x00007fff5fbae000 	/usr/lib/libboringssl.dylib
0x00007fff618d6000 	/usr/lib/libusrtcp.dylib
0x00007fff5fae5000 	/usr/lib/libapple_crypto.dylib
0x00007fff3ba93000 	/System/Library/Frameworks/CoreServices.framework/Versions/A/Frameworks/FSEvents.framework/Versions/A/FSEvents
0x00007fff3b786000 	/System/Library/Frameworks/CoreServices.framework/Versions/A/Frameworks/CarbonCore.framework/Versions/A/CarbonCore
0x00007fff3bc54000 	/System/Library/Frameworks/CoreServices.framework/Versions/A/Frameworks/Metadata.framework/Versions/A/Metadata
0x00007fff3bd04000 	/System/Library/Frameworks/CoreServices.framework/Versions/A/Frameworks/OSServices.framework/Versions/A/OSServices
0x00007fff3bd62000 	/System/Library/Frameworks/CoreServices.framework/Versions/A/Frameworks/SearchKit.framework/Versions/A/SearchKit
0x00007fff3b711000 	/System/Library/Frameworks/CoreServices.framework/Versions/A/Frameworks/AE.framework/Versions/A/AE
0x00007fff3ba9c000 	/System/Library/Frameworks/CoreServices.framework/Versions/A/Frameworks/LaunchServices.framework/Versions/A/LaunchServices
0x00007fff3ba5e000 	/System/Library/Frameworks/CoreServices.framework/Versions/A/Frameworks/DictionaryServices.framework/Versions/A/DictionaryServices
0x00007fff3bdd1000 	/System/Library/Frameworks/CoreServices.framework/Versions/A/Frameworks/SharedFileList.framework/Versions/A/SharedFileList
0x00007fff3fcdb000 	/System/Library/Frameworks/NetFS.framework/Versions/A/NetFS
0x00007fff55cf0000 	/System/Library/PrivateFrameworks/NetAuth.framework/Versions/A/NetAuth
0x00007fff5f3d9000 	/System/Library/PrivateFrameworks/login.framework/Versions/A/Frameworks/loginsupport.framework/Versions/A/loginsupport
0x00007fff5d77e000 	/System/Library/PrivateFrameworks/TCC.framework/Versions/A/TCC
0x00007fff60afd000 	/usr/lib/libmecabra.dylib
0x00007fff38add000 	/System/Library/Frameworks/ApplicationServices.framework/Versions/A/Frameworks/ATS.framework/Versions/A/ATS
0x00007fff38e8b000 	/System/Library/Frameworks/ApplicationServices.framework/Versions/A/Frameworks/ColorSyncLegacy.framework/Versions/A/ColorSyncLegacy
0x00007fff38f2f000 	/System/Library/Frameworks/ApplicationServices.framework/Versions/A/Frameworks/HIServices.framework/Versions/A/HIServices
0x00007fff38f82000 	/System/Library/Frameworks/ApplicationServices.framework/Versions/A/Frameworks/LangAnalysis.framework/Versions/A/LangAnalysis
0x00007fff38f91000 	/System/Library/Frameworks/ApplicationServices.framework/Versions/A/Frameworks/PrintCore.framework/Versions/A/PrintCore
0x00007fff38fde000 	/System/Library/Frameworks/ApplicationServices.framework/Versions/A/Frameworks/QD.framework/Versions/A/QD
0x00007fff39019000 	/System/Library/Frameworks/ApplicationServices.framework/Versions/A/Frameworks/SpeechSynthesis.framework/Versions/A/SpeechSynthesis
0x00007fff3a503000 	/System/Library/Frameworks/CoreDisplay.framework/Versions/A/CoreDisplay
0x00007fff36c0f000 	/System/Library/Frameworks/Accelerate.framework/Versions/A/Frameworks/vImage.framework/Versions/A/vImage
0x00007fff37945000 	/System/Library/Frameworks/Accelerate.framework/Versions/A/Frameworks/vecLib.framework/Versions/A/vecLib
0x00007fff376e7000 	/System/Library/Frameworks/Accelerate.framework/Versions/A/Frameworks/vecLib.framework/Versions/A/libvDSP.dylib
0x00007fff37269000 	/System/Library/Frameworks/Accelerate.framework/Versions/A/Frameworks/vecLib.framework/Versions/A/libBNNS.dylib
0x00007fff3766e000 	/System/Library/Frameworks/Accelerate.framework/Versions/A/Frameworks/vecLib.framework/Versions/A/libQuadrature.dylib
0x00007fff37894000 	/System/Library/Frameworks/Accelerate.framework/Versions/A/Frameworks/vecLib.framework/Versions/A/libvMisc.dylib
0x00007fff37297000 	/System/Library/Frameworks/Accelerate.framework/Versions/A/Frameworks/vecLib.framework/Versions/A/libLAPACK.dylib
0x00007fff3710e000 	/System/Library/Frameworks/Accelerate.framework/Versions/A/Frameworks/vecLib.framework/Versions/A/libBLAS.dylib
0x00007fff37658000 	/System/Library/Frameworks/Accelerate.framework/Versions/A/Frameworks/vecLib.framework/Versions/A/libLinearAlgebra.dylib
0x00007fff37674000 	/System/Library/Frameworks/Accelerate.framework/Versions/A/Frameworks/vecLib.framework/Versions/A/libSparse.dylib
0x00007fff376d3000 	/System/Library/Frameworks/Accelerate.framework/Versions/A/Frameworks/vecLib.framework/Versions/A/libSparseBLAS.dylib
0x00007fff5442c000 	/System/Library/PrivateFrameworks/IOAccelerator.framework/Versions/A/IOAccelerator
0x00007fff54437000 	/System/Library/PrivateFrameworks/IOPresentment.framework/Versions/A/IOPresentment
0x00007fff4e64b000 	/System/Library/PrivateFrameworks/DSExternalDisplay.framework/Versions/A/DSExternalDisplay
0x00007fff43d3f000 	/System/Library/Frameworks/OpenGL.framework/Versions/A/Libraries/libCoreFSCache.dylib
0x00007fff3c1de000 	/System/Library/Frameworks/CoreVideo.framework/Versions/A/CoreVideo
0x00007fff53a90000 	/System/Library/PrivateFrameworks/GraphVisualizer.framework/Versions/A/GraphVisualizer
0x00007fff3ecd0000 	/System/Library/Frameworks/MetalPerformanceShaders.framework/Versions/A/MetalPerformanceShaders
0x00007fff5f720000 	/usr/lib/libFosl_dynamic.dylib
0x00007fff4f662000 	/System/Library/PrivateFrameworks/FaceCore.framework/Versions/A/FaceCore
0x00007fff42b47000 	/System/Library/Frameworks/OpenCL.framework/Versions/A/OpenCL
0x00007fff5fd10000 	/usr/lib/libcompression.dylib
0x00007fff38bdc000 	/System/Library/Frameworks/ApplicationServices.framework/Versions/A/Frameworks/ATS.framework/Versions/A/Resources/libFontParser.dylib
0x00007fff38cff000 	/System/Library/Frameworks/ApplicationServices.framework/Versions/A/Frameworks/ATS.framework/Versions/A/Resources/libFontRegistry.dylib
0x00007fff3d113000 	/System/Library/Frameworks/ImageIO.framework/Versions/A/Resources/libJPEG.dylib
0x00007fff3d43c000 	/System/Library/Frameworks/ImageIO.framework/Versions/A/Resources/libTIFF.dylib
0x00007fff3d412000 	/System/Library/Frameworks/ImageIO.framework/Versions/A/Resources/libPng.dylib
0x00007fff3d026000 	/System/Library/Frameworks/ImageIO.framework/Versions/A/Resources/libGIF.dylib
0x00007fff3d02b000 	/System/Library/Frameworks/ImageIO.framework/Versions/A/Resources/libJP2.dylib
0x00007fff3d439000 	/System/Library/Frameworks/ImageIO.framework/Versions/A/Resources/libRadiance.dylib
0x00007fff4a325000 	/System/Library/PrivateFrameworks/AppleJPEG.framework/Versions/A/AppleJPEG
0x00007fff557e1000 	/System/Library/PrivateFrameworks/MetalTools.framework/Versions/A/MetalTools
0x00007fff3ebb8000 	/System/Library/Frameworks/MetalPerformanceShaders.framework/Frameworks/MPSCore.framework/Versions/A/MPSCore
0x00007fff3ebce000 	/System/Library/Frameworks/MetalPerformanceShaders.framework/Frameworks/MPSImage.framework/Versions/A/MPSImage
0x00007fff3ec39000 	/System/Library/Frameworks/MetalPerformanceShaders.framework/Frameworks/MPSMatrix.framework/Versions/A/MPSMatrix
0x00007fff3ec59000 	/System/Library/Frameworks/MetalPerformanceShaders.framework/Frameworks/MPSNeuralNetwork.framework/Versions/A/MPSNeuralNetwork
0x00007fff43f06000 	/System/Library/Frameworks/OpenGL.framework/Versions/A/Libraries/libGLU.dylib
0x00007fff43d48000 	/System/Library/Frameworks/OpenGL.framework/Versions/A/Libraries/libGFXShared.dylib
0x00007fff43d51000 	/System/Library/Frameworks/OpenGL.framework/Versions/A/Libraries/libGL.dylib
0x00007fff43d5d000 	/System/Library/Frameworks/OpenGL.framework/Versions/A/Libraries/libGLImage.dylib
0x00007fff43d3c000 	/System/Library/Frameworks/OpenGL.framework/Versions/A/Libraries/libCVMSPluginSupport.dylib
0x00007fff43d43000 	/System/Library/Frameworks/OpenGL.framework/Versions/A/Libraries/libCoreVMClient.dylib
0x00007fff604b8000 	/usr/lib/libcups.2.dylib
0x00007fff3e1c0000 	/System/Library/Frameworks/Kerberos.framework/Versions/A/Kerberos
0x00007fff3cb16000 	/System/Library/Frameworks/GSS.framework/Versions/A/GSS
0x00007fff61505000 	/usr/lib/libresolv.9.dylib
0x00007fff606b4000 	/usr/lib/libiconv.2.dylib
0x00007fff53b17000 	/System/Library/PrivateFrameworks/Heimdal.framework/Versions/A/Heimdal
0x00007fff60683000 	/usr/lib/libheimdal-asn1.dylib
0x00007fff42bb2000 	/System/Library/Frameworks/OpenDirectory.framework/Versions/A/OpenDirectory
0x00007fff4c577000 	/System/Library/PrivateFrameworks/CommonAuth.framework/Versions/A/CommonAuth
0x00007fff42b95000 	/System/Library/Frameworks/OpenDirectory.framework/Versions/A/Frameworks/CFOpenDirectory.framework/Versions/A/CFOpenDirectory
0x00007fff464b2000 	/System/Library/Frameworks/SecurityFoundation.framework/Versions/A/SecurityFoundation
0x00007fff49546000 	/System/Library/PrivateFrameworks/APFS.framework/Versions/A/APFS
0x00007fff61910000 	/usr/lib/libutil.dylib
0x00007fff4a3a8000 	/System/Library/PrivateFrameworks/AppleSauce.framework/Versions/A/AppleSauce
0x00007fff54bff000 	/System/Library/PrivateFrameworks/LinguisticData.framework/Versions/A/LinguisticData
0x00007fff60a36000 	/usr/lib/libmarisa.dylib
0x00007fff54bb9000 	/System/Library/PrivateFrameworks/Lexicon.framework/Versions/A/Lexicon
0x00007fff5f64b000 	/usr/lib/libChineseTokenizer.dylib
0x00007fff5fcff000 	/usr/lib/libcmph.dylib
0x00007fff54ac3000 	/System/Library/PrivateFrameworks/LanguageModeling.framework/Versions/A/LanguageModeling
0x00007fff4cf86000 	/System/Library/PrivateFrameworks/CoreEmoji.framework/Versions/A/CoreEmoji
0x00007fff4656a000 	/System/Library/Frameworks/ServiceManagement.framework/Versions/A/ServiceManagement
0x00007fff4ab8f000 	/System/Library/PrivateFrameworks/BackgroundTaskManagement.framework/Versions/A/BackgroundTaskManagement
0x00007fff61a0d000 	/usr/lib/libxslt.1.dylib
0x00007fff39c53000 	/System/Library/Frameworks/Carbon.framework/Versions/A/Frameworks/Ink.framework/Versions/A/Ink
0x00007fff5d98c000 	/System/Library/PrivateFrameworks/TextureIO.framework/Versions/A/TextureIO
0x00007fff5fb28000 	/usr/lib/libate.dylib
0x00007fff4e5ad000 	/System/Library/PrivateFrameworks/CrashReporterSupport.framework/Versions/A/CrashReporterSupport
0x00007fff5ae08000 	/System/Library/PrivateFrameworks/Sharing.framework/Versions/A/Sharing
0x00007fff5480c000 	/System/Library/PrivateFrameworks/IconServices.framework/Versions/A/IconServices
0x00007fff592f1000 	/System/Library/PrivateFrameworks/ProtocolBuffer.framework/Versions/A/ProtocolBuffer
0x00007fff4a1b2000 	/System/Library/PrivateFrameworks/Apple80211.framework/Versions/A/Apple80211
0x00007fff3c219000 	/System/Library/Frameworks/CoreWLAN.framework/Versions/A/CoreWLAN
0x00007fff4e3fa000 	/System/Library/PrivateFrameworks/CoreUtils.framework/Versions/A/CoreUtils
0x00007fff3cc57000 	/System/Library/Frameworks/IOBluetooth.framework/Versions/A/IOBluetooth
0x00007fff4e548000 	/System/Library/PrivateFrameworks/CoreWiFi.framework/Versions/A/CoreWiFi
0x00007fff3a187000 	/System/Library/Frameworks/CoreBluetooth.framework/Versions/A/CoreBluetooth
0x00007fff5af36000 	/System/Library/PrivateFrameworks/SignpostNotification.framework/Versions/A/SignpostNotification
0x00007fff4e79a000 	/System/Library/PrivateFrameworks/DebugSymbols.framework/Versions/A/DebugSymbols
0x00007fff4e1b1000 	/System/Library/PrivateFrameworks/CoreSymbolication.framework/Versions/A/CoreSymbolication
0x00007fff5d20f000 	/System/Library/PrivateFrameworks/Symbolication.framework/Versions/A/Symbolication
0x00007fff4a1dc000 	/System/Library/PrivateFrameworks/AppleFSCompression.framework/Versions/A/AppleFSCompression
0x00007fff5c675000 	/System/Library/PrivateFrameworks/SpeechRecognitionCore.framework/Versions/A/SpeechRecognitionCore
0x000000010d400000 	/Library/Java/JavaVirtualMachines/jdk-9.0.4.jdk/Contents/Home/lib/server/libjvm.dylib
0x00007fff61808000 	/usr/lib/libstdc++.6.0.9.dylib
0x000000010c3ee000 	/Library/Java/JavaVirtualMachines/jdk-9.0.4.jdk/Contents/Home/lib/libverify.dylib
0x000000010e0a3000 	/Library/Java/JavaVirtualMachines/jdk-9.0.4.jdk/Contents/Home/lib/libjava.dylib
0x000000010e0d7000 	/Library/Java/JavaVirtualMachines/jdk-9.0.4.jdk/Contents/Home/lib/libinstrument.dylib
0x000000010e16b000 	/Library/Java/JavaVirtualMachines/jdk-9.0.4.jdk/Contents/Home/lib/libzip.dylib
0x000000010e173000 	/Library/Java/JavaVirtualMachines/jdk-9.0.4.jdk/Contents/Home/lib/libjimage.dylib
0x00000001355e2000 	/Library/Java/JavaVirtualMachines/jdk-9.0.4.jdk/Contents/Home/lib/libnio.dylib
0x00000001355f2000 	/Library/Java/JavaVirtualMachines/jdk-9.0.4.jdk/Contents/Home/lib/./libnet.dylib
0x00000001356b3000 	/Library/Java/JavaVirtualMachines/jdk-9.0.4.jdk/Contents/Home/lib/libawt.dylib
0x0000000135758000 	/Library/Java/JavaVirtualMachines/jdk-9.0.4.jdk/Contents/Home/lib/./libmlib_image.dylib
0x00007fff3e1a9000 	/System/Library/Frameworks/JavaVM.framework/Versions/A/Frameworks/JavaNativeFoundation.framework/Versions/A/JavaNativeFoundation
0x00007fff3e1b2000 	/System/Library/Frameworks/JavaVM.framework/Versions/A/Frameworks/JavaRuntimeSupport.framework/Versions/A/JavaRuntimeSupport
0x00007fff3e1bb000 	/System/Library/Frameworks/JavaVM.framework/Versions/A/JavaVM
0x00007fff549c6000 	/System/Library/PrivateFrameworks/JavaLaunching.framework/Versions/A/JavaLaunching
0x00007fff3993f000 	/System/Library/Frameworks/Carbon.framework/Versions/A/Carbon
0x00007fff39940000 	/System/Library/Frameworks/Carbon.framework/Versions/A/Frameworks/CommonPanels.framework/Versions/A/CommonPanels
0x00007fff39c49000 	/System/Library/Frameworks/Carbon.framework/Versions/A/Frameworks/Help.framework/Versions/A/Help
0x00007fff39c4d000 	/System/Library/Frameworks/Carbon.framework/Versions/A/Frameworks/ImageCapture.framework/Versions/A/ImageCapture
0x00007fff39ce9000 	/System/Library/Frameworks/Carbon.framework/Versions/A/Frameworks/OpenScripting.framework/Versions/A/OpenScripting
0x00007fff39d24000 	/System/Library/Frameworks/Carbon.framework/Versions/A/Frameworks/Print.framework/Versions/A/Print
0x00007fff39d26000 	/System/Library/Frameworks/Carbon.framework/Versions/A/Frameworks/SecurityHI.framework/Versions/A/SecurityHI
0x00000001357c6000 	/Library/Java/JavaVirtualMachines/jdk-9.0.4.jdk/Contents/Home/lib/libawt_lwawt.dylib
0x0000000135886000 	/Library/Java/JavaVirtualMachines/jdk-9.0.4.jdk/Contents/Home/lib/./libosxapp.dylib
0x00007fff3c6bc000 	/System/Library/Frameworks/ExceptionHandling.framework/Versions/A/ExceptionHandling
0x0000000135a8f000 	/Library/Java/JavaVirtualMachines/jdk-9.0.4.jdk/Contents/Home/lib/libfontmanager.dylib
0x00007fff4de5b000 	/System/Library/PrivateFrameworks/CoreServicesInternal.framework/Versions/A/CoreServicesInternal
0x00007fff33079000 	/System/Library/CoreServices/RawCamera.bundle/Contents/MacOS/RawCamera
0x00007fff55850000 	/System/Library/PrivateFrameworks/MobileAsset.framework/Versions/A/MobileAsset
0x00007fff5cb17000 	/System/Library/PrivateFrameworks/StreamingZip.framework/Versions/A/StreamingZip
0x00007fff3e520000 	/System/Library/Frameworks/MediaToolbox.framework/Versions/A/MediaToolbox
0x00007fff4cbef000 	/System/Library/PrivateFrameworks/CoreAVCHD.framework/Versions/A/CoreAVCHD
0x00007fff3e48d000 	/System/Library/Frameworks/MediaAccessibility.framework/Versions/A/MediaAccessibility
0x00007fff55415000 	/System/Library/PrivateFrameworks/Mangrove.framework/Versions/A/Mangrove
0x00007fff3b5e5000 	/System/Library/Frameworks/CoreMedia.framework/Versions/A/CoreMedia
0x00007fff46b36000 	/System/Library/Frameworks/VideoToolbox.framework/Versions/A/VideoToolbox
0x00007fff4c80e000 	/System/Library/PrivateFrameworks/CoreAUC.framework/Versions/A/CoreAUC
0x00007fff6156f000 	/usr/lib/libspindump.dylib
0x00007fff60590000 	/usr/lib/libdscsym.dylib
0x00007fff4a49d000 	/System/Library/PrivateFrameworks/AppleVA.framework/Versions/A/AppleVA
0x00007fff36bf8000 	/System/Library/Frameworks/Accelerate.framework/Versions/A/Frameworks/vImage.framework/Versions/A/Libraries/libCGInterfaces.dylib
0x00007fff38dee000 	/System/Library/Frameworks/ApplicationServices.framework/Versions/A/Frameworks/ATS.framework/Versions/A/Resources/libTrueTypeScaler.dylib
0x00007fff448cb000 	/System/Library/Frameworks/OpenGL.framework/Versions/A/Resources/GLEngine.bundle/GLEngine
0x00007fff43d99000 	/System/Library/Frameworks/OpenGL.framework/Versions/A/Libraries/libGLProgrammability.dylib
0x0000000139620000 	/System/Library/Extensions/AppleIntelKBLGraphicsGLDriver.bundle/Contents/MacOS/AppleIntelKBLGraphicsGLDriver
0x00007fff52d4c000 	/System/Library/PrivateFrameworks/GPUSupport.framework/Versions/A/Libraries/libGPUSupportMercury.dylib
0x000000013a64f000 	/System/Library/Extensions/AMDRadeonX4000GLDriver.bundle/Contents/MacOS/AMDRadeonX4000GLDriver
0x00007fff3360e000 	/System/Library/Extensions/AMDRadeonX4000GLDriver.bundle/Contents/MacOS/ATIRadeonX4000SCLib.dylib
0x00007fff44a63000 	/System/Library/Frameworks/OpenGL.framework/Versions/A/Resources/GLRendererFloat.bundle/GLRendererFloat
0x00007fff42b3e000 	/System/Library/Frameworks/OpenCL.framework/Versions/A/Libraries/libcldcpuengine.dylib
0x00007fff60181000 	/usr/lib/libcrypto.35.dylib
0x00007fff5daf1000 	/System/Library/PrivateFrameworks/TrustEvaluationAgent.framework/Versions/A/TrustEvaluationAgent
0x00007fff346e7000 	/System/Library/Extensions/AppleIntelKBLGraphicsMTLDriver.bundle/Contents/MacOS/AppleIntelKBLGraphicsMTLDriver
0x000000013a787000 	/System/Library/Extensions/AMDMTLBronzeDriver.bundle/Contents/MacOS/AMDMTLBronzeDriver
0x00007fff54422000 	/System/Library/PrivateFrameworks/IOAccelMemoryInfo.framework/Versions/A/IOAccelMemoryInfo
0x00007fff516ec000 	/System/Library/PrivateFrameworks/GPUCompiler.framework/Versions/3802/Libraries/libmetal_timestamp.dylib
0x000000013b136000 	/Library/Java/JavaVirtualMachines/jdk-9.0.4.jdk/Contents/Home/lib/libosxui.dylib
0x00007fff5e96c000 	/System/Library/PrivateFrameworks/ViewBridge.framework/Versions/A/ViewBridge
0x00000001376f6000 	/Library/Java/JavaVirtualMachines/jdk-9.0.4.jdk/Contents/Home/lib/libt2k.dylib

VM Arguments:
jvm_args: -javaagent:/Applications/IntelliJ IDEA.app/Contents/lib/idea_rt.jar=64248:/Applications/IntelliJ IDEA.app/Contents/bin -Dfile.encoding=UTF-8 
java_command: ClientMain
java_class_path (initial): /Users/lauramartingallego/Downloads/tronerJoc2/TronerClient/out
Launcher Type: SUN_STANDARD

Logging:
Log output configuration:
#0: stdout all=warning uptime,level,tags
#1: stderr all=off uptime,level,tags

Environment Variables:
PATH=/usr/local/bin:/usr/bin:/bin:/usr/sbin:/sbin:/Applications/microchip/mplabx/v4.15/bin:/Applications/microchip/xc16/v1.34/bin
SHELL=/bin/bash

Signal Handlers:
SIGSEGV: [libjvm.dylib+0x73f3dc], sa_mask[0]=11111111011111110111111111111111, sa_flags=SA_ONSTACK|SA_RESTART|SA_SIGINFO
SIGBUS: [libjvm.dylib+0x73f3dc], sa_mask[0]=11111111011111110111111111111111, sa_flags=SA_RESTART|SA_SIGINFO
SIGFPE: [libjvm.dylib+0x73f3dc], sa_mask[0]=11111111011111110111111111111111, sa_flags=SA_RESTART|SA_SIGINFO
SIGPIPE: [libjvm.dylib+0x5f233c], sa_mask[0]=11111111011111110111111111111111, sa_flags=SA_RESTART|SA_SIGINFO
SIGXFSZ: [libjvm.dylib+0x5f233c], sa_mask[0]=11111111011111110111111111111111, sa_flags=SA_RESTART|SA_SIGINFO
SIGILL: [libjvm.dylib+0x73f3dc], sa_mask[0]=11111111011111110111111111111111, sa_flags=SA_RESTART|SA_SIGINFO
SIGUSR2: [libjvm.dylib+0x5f2bcc], sa_mask[0]=00100000000000000000000000000000, sa_flags=SA_RESTART|SA_SIGINFO
SIGHUP: [libjvm.dylib+0x5f1409], sa_mask[0]=11111111011111110111111111111111, sa_flags=SA_RESTART|SA_SIGINFO
SIGINT: [libjvm.dylib+0x5f1409], sa_mask[0]=11111111011111110111111111111111, sa_flags=SA_RESTART|SA_SIGINFO
SIGTERM: [libjvm.dylib+0x5f1409], sa_mask[0]=11111111011111110111111111111111, sa_flags=SA_RESTART|SA_SIGINFO
SIGQUIT: [libjvm.dylib+0x5f1409], sa_mask[0]=11111111011111110111111111111111, sa_flags=SA_RESTART|SA_SIGINFO


---------------  S Y S T E M  ---------------

OS:uname:Darwin 17.2.0 Darwin Kernel Version 17.2.0: Fri Sep 29 18:27:05 PDT 2017; root:xnu-4570.20.62~3/RELEASE_X86_64 x86_64
rlimit: STACK 8192k, CORE 0k, NPROC 1418, NOFILE 10240, AS infinity
load average:4.42 4.21 3.50

CPU:total 8 (initial active 8) (4 cores per cpu, 2 threads per core) family 6 model 158 stepping 9, cmov, cx8, fxsr, mmx, sse, sse2, sse3, ssse3, sse4.1, sse4.2, popcnt, avx, avx2, aes, clmul, erms, rtm, 3dnowpref, lzcnt, ht, tsc, tscinvbit, bmi1, bmi2, adx, fma

Memory: 4k page, physical 16777216k(4169176k free)

vm_info: Java HotSpot(TM) 64-Bit Server VM (9.0.4+11) for bsd-amd64 JRE (9.0.4+11), built on Dec 20 2017 02:08:50 by "mach5one" with gcc 4.2.1 Compatible Apple LLVM 6.1.0 (clang-602.0.49)

END.
